<?xml version="1.0" encoding="utf-8"?>
<coverage line-rate="0.8215" branch-rate="0.7349" version="1.9" timestamp="1768569851" lines-covered="396" lines-valid="482" branches-covered="122" branches-valid="166">
  <sources>
    <source>/Users/immons/Projects/Tools.ContainerRegistration/</source>
  </sources>
  <packages>
    <package name="Tools.ContainerRegistration.Autofac" line-rate="0.8240999999999999" branch-rate="0.8332999999999999" complexity="27">
      <classes>
        <class name="Tools.ContainerRegistration.Autofac.AutofacGenerator" filename="Tools.ContainerRegistration.Autofac/AutofacGenerator.cs" line-rate="0.7611" branch-rate="0.8332999999999999" complexity="24">
          <methods>
            <method name="get_Name" signature="()" line-rate="1" branch-rate="1" complexity="1">
              <lines>
                <line number="10" hits="15" branch="False" />
              </lines>
            </method>
            <method name="get_ProviderType" signature="()" line-rate="1" branch-rate="1" complexity="1">
              <lines>
                <line number="11" hits="9" branch="False" />
              </lines>
            </method>
            <method name="get_ContainerType" signature="()" line-rate="1" branch-rate="1" complexity="1">
              <lines>
                <line number="12" hits="9" branch="False" />
              </lines>
            </method>
            <method name="get_Namespace" signature="()" line-rate="1" branch-rate="1" complexity="1">
              <lines>
                <line number="13" hits="9" branch="False" />
              </lines>
            </method>
            <method name="GetServiceRegistration" signature="()" line-rate="1" branch-rate="1" complexity="1">
              <lines>
                <line number="15" hits="9" branch="False" />
              </lines>
            </method>
            <method name="GenerateFactoryRegistration" signature="(System.String,System.String)" line-rate="0" branch-rate="1" complexity="1">
              <lines>
                <line number="18" hits="0" branch="False" />
                <line number="19" hits="0" branch="False" />
                <line number="20" hits="0" branch="False" />
                <line number="21" hits="0" branch="False" />
              </lines>
            </method>
            <method name="GenerateSelf" signature="()" line-rate="1" branch-rate="1" complexity="1">
              <lines>
                <line number="24" hits="6" branch="False" />
                <line number="25" hits="6" branch="False" />
                <line number="26" hits="6" branch="False" />
              </lines>
            </method>
            <method name="GenerateAs" signature="(System.String)" line-rate="1" branch-rate="1" complexity="1">
              <lines>
                <line number="29" hits="6" branch="False" />
                <line number="30" hits="6" branch="False" />
                <line number="31" hits="6" branch="False" />
              </lines>
            </method>
            <method name="GenerateSingleInstance" signature="()" line-rate="1" branch-rate="1" complexity="1">
              <lines>
                <line number="34" hits="1" branch="False" />
                <line number="35" hits="1" branch="False" />
                <line number="36" hits="1" branch="False" />
              </lines>
            </method>
            <method name="GenerateInstancePerLifetimeScope" signature="()" line-rate="1" branch-rate="1" complexity="1">
              <lines>
                <line number="39" hits="1" branch="False" />
                <line number="40" hits="1" branch="False" />
                <line number="41" hits="1" branch="False" />
              </lines>
            </method>
            <method name="GenerateAutoActivate" signature="()" line-rate="0" branch-rate="1" complexity="1">
              <lines>
                <line number="44" hits="0" branch="False" />
                <line number="45" hits="0" branch="False" />
                <line number="46" hits="0" branch="False" />
              </lines>
            </method>
            <method name="GenerateRegisterType" signature="(System.String)" line-rate="1" branch-rate="1" complexity="1">
              <lines>
                <line number="49" hits="6" branch="False" />
                <line number="50" hits="6" branch="False" />
                <line number="51" hits="6" branch="False" />
              </lines>
            </method>
            <method name="Generate" signature="(Tools.ContainerRegistration.Common.Models.ServiceRegistrationEntity)" line-rate="0.775" branch-rate="0.8332999999999999" complexity="12">
              <lines>
                <line number="54" hits="6" branch="False" />
                <line number="55" hits="6" branch="False" />
                <line number="56" hits="6" branch="False" />
                <line number="57" hits="6" branch="False" />
                <line number="58" hits="6" branch="True" condition-coverage="50% (1/2)">
                  <conditions>
                    <condition number="35" type="jump" coverage="50%" />
                  </conditions>
                </line>
                <line number="59" hits="0" branch="False" />
                <line number="60" hits="0" branch="False" />
                <line number="61" hits="0" branch="False" />
                <line number="62" hits="0" branch="False" />
                <line number="63" hits="0" branch="False" />
                <line number="64" hits="0" branch="False" />
                <line number="66" hits="6" branch="False" />
                <line number="67" hits="6" branch="False" />
                <line number="68" hits="6" branch="False" />
                <line number="70" hits="30" branch="True" condition-coverage="100% (2/2)">
                  <conditions>
                    <condition number="130" type="jump" coverage="100%" />
                  </conditions>
                </line>
                <line number="71" hits="6" branch="False" />
                <line number="72" hits="6" branch="False" />
                <line number="73" hits="6" branch="False" />
                <line number="75" hits="6" branch="True" condition-coverage="100% (2/2)">
                  <conditions>
                    <condition number="159" type="jump" coverage="100%" />
                  </conditions>
                </line>
                <line number="76" hits="6" branch="False" />
                <line number="77" hits="6" branch="False" />
                <line number="78" hits="6" branch="False" />
                <line number="80" hits="6" branch="True" condition-coverage="100% (2/2)">
                  <conditions>
                    <condition number="189" type="jump" coverage="100%" />
                  </conditions>
                </line>
                <line number="81" hits="1" branch="False" />
                <line number="82" hits="1" branch="False" />
                <line number="83" hits="1" branch="True" condition-coverage="50% (1/2)">
                  <conditions>
                    <condition number="215" type="jump" coverage="50%" />
                  </conditions>
                </line>
                <line number="84" hits="0" branch="False" />
                <line number="85" hits="0" branch="False" />
                <line number="86" hits="0" branch="False" />
                <line number="87" hits="1" branch="False" />
                <line number="88" hits="5" branch="True" condition-coverage="100% (2/2)">
                  <conditions>
                    <condition number="248" type="jump" coverage="100%" />
                  </conditions>
                </line>
                <line number="89" hits="1" branch="False" />
                <line number="90" hits="1" branch="False" />
                <line number="91" hits="1" branch="False" />
                <line number="93" hits="6" branch="False" />
                <line number="95" hits="6" branch="False" />
                <line number="96" hits="6" branch="False" />
                <line number="97" hits="6" branch="False" />
                <line number="98" hits="6" branch="False" />
                <line number="99" hits="6" branch="False" />
              </lines>
            </method>
          </methods>
          <lines>
            <line number="10" hits="15" branch="False" />
            <line number="11" hits="9" branch="False" />
            <line number="12" hits="9" branch="False" />
            <line number="13" hits="9" branch="False" />
            <line number="15" hits="9" branch="False" />
            <line number="18" hits="0" branch="False" />
            <line number="19" hits="0" branch="False" />
            <line number="20" hits="0" branch="False" />
            <line number="21" hits="0" branch="False" />
            <line number="24" hits="6" branch="False" />
            <line number="25" hits="6" branch="False" />
            <line number="26" hits="6" branch="False" />
            <line number="29" hits="6" branch="False" />
            <line number="30" hits="6" branch="False" />
            <line number="31" hits="6" branch="False" />
            <line number="34" hits="1" branch="False" />
            <line number="35" hits="1" branch="False" />
            <line number="36" hits="1" branch="False" />
            <line number="39" hits="1" branch="False" />
            <line number="40" hits="1" branch="False" />
            <line number="41" hits="1" branch="False" />
            <line number="44" hits="0" branch="False" />
            <line number="45" hits="0" branch="False" />
            <line number="46" hits="0" branch="False" />
            <line number="49" hits="6" branch="False" />
            <line number="50" hits="6" branch="False" />
            <line number="51" hits="6" branch="False" />
            <line number="54" hits="6" branch="False" />
            <line number="55" hits="6" branch="False" />
            <line number="56" hits="6" branch="False" />
            <line number="57" hits="6" branch="False" />
            <line number="58" hits="6" branch="True" condition-coverage="50% (1/2)">
              <conditions>
                <condition number="35" type="jump" coverage="50%" />
              </conditions>
            </line>
            <line number="59" hits="0" branch="False" />
            <line number="60" hits="0" branch="False" />
            <line number="61" hits="0" branch="False" />
            <line number="62" hits="0" branch="False" />
            <line number="63" hits="0" branch="False" />
            <line number="64" hits="0" branch="False" />
            <line number="66" hits="6" branch="False" />
            <line number="67" hits="6" branch="False" />
            <line number="68" hits="6" branch="False" />
            <line number="70" hits="30" branch="True" condition-coverage="100% (2/2)">
              <conditions>
                <condition number="130" type="jump" coverage="100%" />
              </conditions>
            </line>
            <line number="71" hits="6" branch="False" />
            <line number="72" hits="6" branch="False" />
            <line number="73" hits="6" branch="False" />
            <line number="75" hits="6" branch="True" condition-coverage="100% (2/2)">
              <conditions>
                <condition number="159" type="jump" coverage="100%" />
              </conditions>
            </line>
            <line number="76" hits="6" branch="False" />
            <line number="77" hits="6" branch="False" />
            <line number="78" hits="6" branch="False" />
            <line number="80" hits="6" branch="True" condition-coverage="100% (2/2)">
              <conditions>
                <condition number="189" type="jump" coverage="100%" />
              </conditions>
            </line>
            <line number="81" hits="1" branch="False" />
            <line number="82" hits="1" branch="False" />
            <line number="83" hits="1" branch="True" condition-coverage="50% (1/2)">
              <conditions>
                <condition number="215" type="jump" coverage="50%" />
              </conditions>
            </line>
            <line number="84" hits="0" branch="False" />
            <line number="85" hits="0" branch="False" />
            <line number="86" hits="0" branch="False" />
            <line number="87" hits="1" branch="False" />
            <line number="88" hits="5" branch="True" condition-coverage="100% (2/2)">
              <conditions>
                <condition number="248" type="jump" coverage="100%" />
              </conditions>
            </line>
            <line number="89" hits="1" branch="False" />
            <line number="90" hits="1" branch="False" />
            <line number="91" hits="1" branch="False" />
            <line number="93" hits="6" branch="False" />
            <line number="95" hits="6" branch="False" />
            <line number="96" hits="6" branch="False" />
            <line number="97" hits="6" branch="False" />
            <line number="98" hits="6" branch="False" />
            <line number="99" hits="6" branch="False" />
          </lines>
        </class>
        <class name="Tools.ContainerRegistration.Autofac.AutofacServiceRegistration" filename="Tools.ContainerRegistration.Autofac/AutofacServiceRegistration.cs" line-rate="1" branch-rate="1" complexity="1">
          <methods>
            <method name="Build" signature="(Tools.ContainerRegistration.Common.Generators.Interfaces.IGenerator)" line-rate="1" branch-rate="1" complexity="1">
              <lines>
                <line number="9" hits="9" branch="False" />
              </lines>
            </method>
          </methods>
          <lines>
            <line number="9" hits="9" branch="False" />
          </lines>
        </class>
        <class name="Tools.ContainerRegistration.Autofac.AutofacServiceRegistrationGenerator" filename="Tools.ContainerRegistration.Autofac/AutofacServiceRegistrationGenerator.cs" line-rate="1" branch-rate="1" complexity="1">
          <methods>
            <method name="get_Generator" signature="()" line-rate="1" branch-rate="1" complexity="1">
              <lines>
                <line number="11" hits="60" branch="False" />
              </lines>
            </method>
          </methods>
          <lines>
            <line number="11" hits="60" branch="False" />
          </lines>
        </class>
        <class name="Tools.ContainerRegistration.Autofac.AutofacServiceRegistrationTemplate" filename="Tools.ContainerRegistration.Autofac/AutofacServiceRegistrationTemplate.cs" line-rate="1" branch-rate="1" complexity="1">
          <methods>
            <method name="GenerateServiceRegistration" signature="(Tools.ContainerRegistration.Common.Generators.Interfaces.IGenerator,Tools.ContainerRegistration.Autofac.AutofacServiceRegistration)" line-rate="1" branch-rate="1" complexity="1">
              <lines>
                <line number="11" hits="9" branch="False" />
                <line number="12" hits="26" branch="False" />
                <line number="13" hits="9" branch="False" />
                <line number="14" hits="9" branch="False" />
                <line number="15" hits="17" branch="False" />
                <line number="17" hits="15" branch="False" />
                <line number="18" hits="9" branch="False" />
                <line number="19" hits="9" branch="False" />
                <line number="20" hits="9" branch="False" />
                <line number="22" hits="6" branch="False" />
                <line number="23" hits="6" branch="False" />
                <line number="24" hits="6" branch="False" />
                <line number="25" hits="6" branch="False" />
                <line number="26" hits="6" branch="False" />
                <line number="27" hits="6" branch="False" />
                <line number="28" hits="6" branch="False" />
                <line number="29" hits="6" branch="False" />
                <line number="30" hits="6" branch="False" />
                <line number="31" hits="6" branch="False" />
                <line number="32" hits="6" branch="False" />
                <line number="33" hits="6" branch="False" />
                <line number="34" hits="6" branch="False" />
              </lines>
            </method>
          </methods>
          <lines>
            <line number="11" hits="9" branch="False" />
            <line number="12" hits="26" branch="False" />
            <line number="13" hits="9" branch="False" />
            <line number="14" hits="9" branch="False" />
            <line number="15" hits="17" branch="False" />
            <line number="17" hits="15" branch="False" />
            <line number="18" hits="9" branch="False" />
            <line number="19" hits="9" branch="False" />
            <line number="20" hits="9" branch="False" />
            <line number="22" hits="6" branch="False" />
            <line number="23" hits="6" branch="False" />
            <line number="24" hits="6" branch="False" />
            <line number="25" hits="6" branch="False" />
            <line number="26" hits="6" branch="False" />
            <line number="27" hits="6" branch="False" />
            <line number="28" hits="6" branch="False" />
            <line number="29" hits="6" branch="False" />
            <line number="30" hits="6" branch="False" />
            <line number="31" hits="6" branch="False" />
            <line number="32" hits="6" branch="False" />
            <line number="33" hits="6" branch="False" />
            <line number="34" hits="6" branch="False" />
          </lines>
        </class>
      </classes>
    </package>
    <package name="Tools.ContainerRegistration.Microsoft" line-rate="0.7841" branch-rate="0.625" complexity="56">
      <classes>
        <class name="Tools.ContainerRegistration.Microsoft.MicrosoftGenerator" filename="Tools.ContainerRegistration.Microsoft/MicrosoftGenerator.cs" line-rate="0.71" branch-rate="0.6388" complexity="48">
          <methods>
            <method name="get_Name" signature="()" line-rate="1" branch-rate="1" complexity="1">
              <lines>
                <line number="12" hits="22" branch="False" />
              </lines>
            </method>
            <method name="get_ProviderType" signature="()" line-rate="1" branch-rate="1" complexity="1">
              <lines>
                <line number="13" hits="13" branch="False" />
              </lines>
            </method>
            <method name="get_ContainerType" signature="()" line-rate="1" branch-rate="1" complexity="1">
              <lines>
                <line number="14" hits="13" branch="False" />
              </lines>
            </method>
            <method name="get_Namespace" signature="()" line-rate="1" branch-rate="1" complexity="1">
              <lines>
                <line number="15" hits="13" branch="False" />
              </lines>
            </method>
            <method name="GetServiceRegistration" signature="()" line-rate="1" branch-rate="1" complexity="1">
              <lines>
                <line number="17" hits="13" branch="False" />
              </lines>
            </method>
            <method name="GenerateFactoryRegistration" signature="(System.String,System.String,Tools.ContainerRegistration.Common.Models.Scope)" line-rate="0" branch-rate="0" complexity="4">
              <lines>
                <line number="20" hits="0" branch="False" />
                <line number="21" hits="0" branch="True" condition-coverage="0% (0/2)">
                  <conditions>
                    <condition number="7" type="jump" coverage="0%" />
                  </conditions>
                </line>
                <line number="22" hits="0" branch="False" />
                <line number="23" hits="0" branch="True" condition-coverage="0% (0/2)">
                  <conditions>
                    <condition number="73" type="jump" coverage="0%" />
                  </conditions>
                </line>
                <line number="24" hits="0" branch="False" />
                <line number="26" hits="0" branch="False" />
                <line number="27" hits="0" branch="False" />
              </lines>
            </method>
            <method name="GenerateSelf" signature="(System.String,Tools.ContainerRegistration.Common.Models.Scope)" line-rate="1" branch-rate="1" complexity="4">
              <lines>
                <line number="32" hits="11" branch="False" />
                <line number="33" hits="11" branch="True" condition-coverage="100% (2/2)">
                  <conditions>
                    <condition number="7" type="jump" coverage="100%" />
                  </conditions>
                </line>
                <line number="34" hits="2" branch="False" />
                <line number="35" hits="9" branch="True" condition-coverage="100% (2/2)">
                  <conditions>
                    <condition number="25" type="jump" coverage="100%" />
                  </conditions>
                </line>
                <line number="36" hits="1" branch="False" />
                <line number="38" hits="8" branch="False" />
                <line number="39" hits="11" branch="False" />
              </lines>
            </method>
            <method name="GenerateAs" signature="(System.String,System.Boolean)" line-rate="0" branch-rate="0" complexity="2">
              <lines>
                <line number="42" hits="0" branch="False" />
                <line number="43" hits="0" branch="True" condition-coverage="0% (0/2)">
                  <conditions>
                    <condition number="4" type="jump" coverage="0%" />
                  </conditions>
                </line>
                <line number="44" hits="0" branch="False" />
                <line number="46" hits="0" branch="False" />
                <line number="47" hits="0" branch="False" />
              </lines>
            </method>
            <method name="GenerateAs" signature="(System.String,System.String,System.Boolean)" line-rate="0" branch-rate="0" complexity="2">
              <lines>
                <line number="50" hits="0" branch="False" />
                <line number="51" hits="0" branch="True" condition-coverage="0% (0/2)">
                  <conditions>
                    <condition number="4" type="jump" coverage="0%" />
                  </conditions>
                </line>
                <line number="52" hits="0" branch="False" />
                <line number="54" hits="0" branch="False" />
                <line number="55" hits="0" branch="False" />
              </lines>
            </method>
            <method name="GenerateSingleInstance" signature="(System.String)" line-rate="1" branch-rate="1" complexity="1">
              <lines>
                <line number="58" hits="2" branch="False" />
                <line number="59" hits="2" branch="False" />
                <line number="60" hits="2" branch="False" />
              </lines>
            </method>
            <method name="GenerateSingleInstance" signature="(System.String,System.String)" line-rate="0" branch-rate="1" complexity="1">
              <lines>
                <line number="63" hits="0" branch="False" />
                <line number="64" hits="0" branch="False" />
                <line number="65" hits="0" branch="False" />
              </lines>
            </method>
            <method name="GenerateScopedInstance" signature="(System.String)" line-rate="1" branch-rate="1" complexity="1">
              <lines>
                <line number="68" hits="1" branch="False" />
                <line number="69" hits="1" branch="False" />
                <line number="70" hits="1" branch="False" />
              </lines>
            </method>
            <method name="GenerateScopedInstance" signature="(System.String,System.String)" line-rate="1" branch-rate="1" complexity="1">
              <lines>
                <line number="73" hits="1" branch="False" />
                <line number="74" hits="1" branch="False" />
                <line number="75" hits="1" branch="False" />
              </lines>
            </method>
            <method name="GenerateTransientInstance" signature="(System.String)" line-rate="1" branch-rate="1" complexity="1">
              <lines>
                <line number="78" hits="8" branch="False" />
                <line number="79" hits="8" branch="False" />
                <line number="80" hits="8" branch="False" />
              </lines>
            </method>
            <method name="GenerateTransientInstance" signature="(System.String,System.String)" line-rate="1" branch-rate="1" complexity="1">
              <lines>
                <line number="83" hits="3" branch="False" />
                <line number="84" hits="3" branch="False" />
                <line number="85" hits="3" branch="False" />
              </lines>
            </method>
            <method name="GenerateReuseAsSingleton" signature="(System.String,System.String)" line-rate="1" branch-rate="1" complexity="1">
              <lines>
                <line number="88" hits="1" branch="False" />
                <line number="89" hits="1" branch="False" />
                <line number="90" hits="1" branch="False" />
              </lines>
            </method>
            <method name="GenerateAutoActivate" signature="(Tools.ContainerRegistration.Common.Models.ServiceRegistrationEntity)" line-rate="0.875" branch-rate="0.6666" complexity="6">
              <lines>
                <line number="93" hits="11" branch="False" />
                <line number="94" hits="21" branch="True" condition-coverage="100% (2/2)">
                  <conditions>
                    <condition number="12" type="jump" coverage="100%" />
                  </conditions>
                </line>
                <line number="96" hits="1" branch="False" />
                <line number="98" hits="1" branch="True" condition-coverage="50% (2/4)">
                  <conditions>
                    <condition number="30" type="jump" coverage="50%" />
                    <condition number="46" type="jump" coverage="50%" />
                  </conditions>
                </line>
                <line number="99" hits="1" branch="False" />
                <line number="101" hits="0" branch="False" />
                <line number="103" hits="1" branch="False" />
                <line number="104" hits="11" branch="False" />
              </lines>
            </method>
            <method name="Generate" signature="(Tools.ContainerRegistration.Common.Models.ServiceRegistrationEntity)" line-rate="0.8095" branch-rate="0.8332999999999999" complexity="18">
              <lines>
                <line number="107" hits="11" branch="False" />
                <line number="108" hits="11" branch="False" />
                <line number="109" hits="11" branch="False" />
                <line number="110" hits="11" branch="False" />
                <line number="112" hits="11" branch="False" />
                <line number="113" hits="11" branch="False" />
                <line number="115" hits="11" branch="True" condition-coverage="50% (1/2)">
                  <conditions>
                    <condition number="62" type="jump" coverage="50%" />
                  </conditions>
                </line>
                <line number="116" hits="0" branch="False" />
                <line number="117" hits="0" branch="False" />
                <line number="119" hits="0" branch="False" />
                <line number="120" hits="0" branch="False" />
                <line number="121" hits="0" branch="False" />
                <line number="122" hits="0" branch="False" />
                <line number="123" hits="0" branch="False" />
                <line number="124" hits="0" branch="False" />
                <line number="126" hits="43" branch="True" condition-coverage="100% (2/2)">
                  <conditions>
                    <condition number="254" type="jump" coverage="100%" />
                  </conditions>
                </line>
                <line number="127" hits="5" branch="False" />
                <line number="128" hits="5" branch="True" condition-coverage="75% (3/4)">
                  <conditions>
                    <condition number="137" type="jump" coverage="50%" />
                    <condition number="154" type="jump" coverage="100%" />
                  </conditions>
                </line>
                <line number="129" hits="5" branch="False" />
                <line number="131" hits="5" branch="True" condition-coverage="100% (2/2)">
                  <conditions>
                    <condition number="171" type="jump" coverage="100%" />
                  </conditions>
                </line>
                <line number="132" hits="1" branch="False" />
                <line number="133" hits="1" branch="False" />
                <line number="134" hits="1" branch="False" />
                <line number="135" hits="4" branch="True" condition-coverage="100% (2/2)">
                  <conditions>
                    <condition number="206" type="jump" coverage="100%" />
                  </conditions>
                </line>
                <line number="136" hits="1" branch="False" />
                <line number="137" hits="1" branch="False" />
                <line number="138" hits="1" branch="False" />
                <line number="140" hits="3" branch="False" />
                <line number="141" hits="3" branch="False" />
                <line number="142" hits="3" branch="False" />
                <line number="143" hits="5" branch="False" />
                <line number="145" hits="11" branch="True" condition-coverage="75% (3/4)">
                  <conditions>
                    <condition number="282" type="jump" coverage="50%" />
                    <condition number="295" type="jump" coverage="100%" />
                  </conditions>
                </line>
                <line number="146" hits="11" branch="False" />
                <line number="147" hits="11" branch="False" />
                <line number="148" hits="11" branch="False" />
                <line number="150" hits="11" branch="True" condition-coverage="100% (2/2)">
                  <conditions>
                    <condition number="351" type="jump" coverage="100%" />
                  </conditions>
                </line>
                <line number="151" hits="11" branch="False" />
                <line number="152" hits="11" branch="False" />
                <line number="153" hits="11" branch="False" />
                <line number="154" hits="11" branch="False" />
                <line number="155" hits="11" branch="False" />
                <line number="156" hits="11" branch="False" />
              </lines>
            </method>
          </methods>
          <lines>
            <line number="12" hits="22" branch="False" />
            <line number="13" hits="13" branch="False" />
            <line number="14" hits="13" branch="False" />
            <line number="15" hits="13" branch="False" />
            <line number="17" hits="13" branch="False" />
            <line number="20" hits="0" branch="False" />
            <line number="21" hits="0" branch="True" condition-coverage="0% (0/2)">
              <conditions>
                <condition number="7" type="jump" coverage="0%" />
              </conditions>
            </line>
            <line number="22" hits="0" branch="False" />
            <line number="23" hits="0" branch="True" condition-coverage="0% (0/2)">
              <conditions>
                <condition number="73" type="jump" coverage="0%" />
              </conditions>
            </line>
            <line number="24" hits="0" branch="False" />
            <line number="26" hits="0" branch="False" />
            <line number="27" hits="0" branch="False" />
            <line number="32" hits="11" branch="False" />
            <line number="33" hits="11" branch="True" condition-coverage="100% (2/2)">
              <conditions>
                <condition number="7" type="jump" coverage="100%" />
              </conditions>
            </line>
            <line number="34" hits="2" branch="False" />
            <line number="35" hits="9" branch="True" condition-coverage="100% (2/2)">
              <conditions>
                <condition number="25" type="jump" coverage="100%" />
              </conditions>
            </line>
            <line number="36" hits="1" branch="False" />
            <line number="38" hits="8" branch="False" />
            <line number="39" hits="11" branch="False" />
            <line number="42" hits="0" branch="False" />
            <line number="43" hits="0" branch="True" condition-coverage="0% (0/2)">
              <conditions>
                <condition number="4" type="jump" coverage="0%" />
              </conditions>
            </line>
            <line number="44" hits="0" branch="False" />
            <line number="46" hits="0" branch="False" />
            <line number="47" hits="0" branch="False" />
            <line number="50" hits="0" branch="False" />
            <line number="51" hits="0" branch="True" condition-coverage="0% (0/2)">
              <conditions>
                <condition number="4" type="jump" coverage="0%" />
              </conditions>
            </line>
            <line number="52" hits="0" branch="False" />
            <line number="54" hits="0" branch="False" />
            <line number="55" hits="0" branch="False" />
            <line number="58" hits="2" branch="False" />
            <line number="59" hits="2" branch="False" />
            <line number="60" hits="2" branch="False" />
            <line number="63" hits="0" branch="False" />
            <line number="64" hits="0" branch="False" />
            <line number="65" hits="0" branch="False" />
            <line number="68" hits="1" branch="False" />
            <line number="69" hits="1" branch="False" />
            <line number="70" hits="1" branch="False" />
            <line number="73" hits="1" branch="False" />
            <line number="74" hits="1" branch="False" />
            <line number="75" hits="1" branch="False" />
            <line number="78" hits="8" branch="False" />
            <line number="79" hits="8" branch="False" />
            <line number="80" hits="8" branch="False" />
            <line number="83" hits="3" branch="False" />
            <line number="84" hits="3" branch="False" />
            <line number="85" hits="3" branch="False" />
            <line number="88" hits="1" branch="False" />
            <line number="89" hits="1" branch="False" />
            <line number="90" hits="1" branch="False" />
            <line number="93" hits="11" branch="False" />
            <line number="94" hits="21" branch="True" condition-coverage="100% (2/2)">
              <conditions>
                <condition number="12" type="jump" coverage="100%" />
              </conditions>
            </line>
            <line number="96" hits="1" branch="False" />
            <line number="98" hits="1" branch="True" condition-coverage="50% (2/4)">
              <conditions>
                <condition number="30" type="jump" coverage="50%" />
                <condition number="46" type="jump" coverage="50%" />
              </conditions>
            </line>
            <line number="99" hits="1" branch="False" />
            <line number="101" hits="0" branch="False" />
            <line number="103" hits="1" branch="False" />
            <line number="104" hits="11" branch="False" />
            <line number="107" hits="11" branch="False" />
            <line number="108" hits="11" branch="False" />
            <line number="109" hits="11" branch="False" />
            <line number="110" hits="11" branch="False" />
            <line number="112" hits="11" branch="False" />
            <line number="113" hits="11" branch="False" />
            <line number="115" hits="11" branch="True" condition-coverage="50% (1/2)">
              <conditions>
                <condition number="62" type="jump" coverage="50%" />
              </conditions>
            </line>
            <line number="116" hits="0" branch="False" />
            <line number="117" hits="0" branch="False" />
            <line number="119" hits="0" branch="False" />
            <line number="120" hits="0" branch="False" />
            <line number="121" hits="0" branch="False" />
            <line number="122" hits="0" branch="False" />
            <line number="123" hits="0" branch="False" />
            <line number="124" hits="0" branch="False" />
            <line number="126" hits="43" branch="True" condition-coverage="100% (2/2)">
              <conditions>
                <condition number="254" type="jump" coverage="100%" />
              </conditions>
            </line>
            <line number="127" hits="5" branch="False" />
            <line number="128" hits="5" branch="True" condition-coverage="75% (3/4)">
              <conditions>
                <condition number="137" type="jump" coverage="50%" />
                <condition number="154" type="jump" coverage="100%" />
              </conditions>
            </line>
            <line number="129" hits="5" branch="False" />
            <line number="131" hits="5" branch="True" condition-coverage="100% (2/2)">
              <conditions>
                <condition number="171" type="jump" coverage="100%" />
              </conditions>
            </line>
            <line number="132" hits="1" branch="False" />
            <line number="133" hits="1" branch="False" />
            <line number="134" hits="1" branch="False" />
            <line number="135" hits="4" branch="True" condition-coverage="100% (2/2)">
              <conditions>
                <condition number="206" type="jump" coverage="100%" />
              </conditions>
            </line>
            <line number="136" hits="1" branch="False" />
            <line number="137" hits="1" branch="False" />
            <line number="138" hits="1" branch="False" />
            <line number="140" hits="3" branch="False" />
            <line number="141" hits="3" branch="False" />
            <line number="142" hits="3" branch="False" />
            <line number="143" hits="5" branch="False" />
            <line number="145" hits="11" branch="True" condition-coverage="75% (3/4)">
              <conditions>
                <condition number="282" type="jump" coverage="50%" />
                <condition number="295" type="jump" coverage="100%" />
              </conditions>
            </line>
            <line number="146" hits="11" branch="False" />
            <line number="147" hits="11" branch="False" />
            <line number="148" hits="11" branch="False" />
            <line number="150" hits="11" branch="True" condition-coverage="100% (2/2)">
              <conditions>
                <condition number="351" type="jump" coverage="100%" />
              </conditions>
            </line>
            <line number="151" hits="11" branch="False" />
            <line number="152" hits="11" branch="False" />
            <line number="153" hits="11" branch="False" />
            <line number="154" hits="11" branch="False" />
            <line number="155" hits="11" branch="False" />
            <line number="156" hits="11" branch="False" />
          </lines>
        </class>
        <class name="Tools.ContainerRegistration.Microsoft.MicrosoftServiceRegistration" filename="Tools.ContainerRegistration.Microsoft/MicrosoftServiceRegistration.cs" line-rate="0.75" branch-rate="1" complexity="2">
          <methods>
            <method name="get_FireAfterContainerBuilt" signature="()" line-rate="0" branch-rate="1" complexity="1">
              <lines>
                <line number="9" hits="0" branch="False" />
              </lines>
            </method>
            <method name="Build" signature="(Tools.ContainerRegistration.Common.Generators.Interfaces.IGenerator)" line-rate="1" branch-rate="1" complexity="1">
              <lines>
                <line number="12" hits="13" branch="False" />
                <line number="13" hits="13" branch="False" />
                <line number="14" hits="9" branch="False" />
              </lines>
            </method>
          </methods>
          <lines>
            <line number="9" hits="0" branch="False" />
            <line number="12" hits="13" branch="False" />
            <line number="13" hits="13" branch="False" />
            <line number="14" hits="9" branch="False" />
          </lines>
        </class>
        <class name="Tools.ContainerRegistration.Microsoft.MicrosoftServiceRegistrationGenerator" filename="Tools.ContainerRegistration.Microsoft/MicrosoftServiceRegistrationGenerator.cs" line-rate="1" branch-rate="1" complexity="1">
          <methods>
            <method name="get_Generator" signature="()" line-rate="1" branch-rate="1" complexity="1">
              <lines>
                <line number="11" hits="87" branch="False" />
              </lines>
            </method>
          </methods>
          <lines>
            <line number="11" hits="87" branch="False" />
          </lines>
        </class>
        <class name="Tools.ContainerRegistration.Microsoft.MicrosoftServiceRegistrationTemplate" filename="Tools.ContainerRegistration.Microsoft/MicrosoftServiceRegistrationTemplate.cs" line-rate="1" branch-rate="0.5" complexity="4">
          <methods>
            <method name="GenerateServiceRegistration" signature="(Tools.ContainerRegistration.Microsoft.MicrosoftGenerator,Tools.ContainerRegistration.Microsoft.MicrosoftServiceRegistration)" line-rate="1" branch-rate="0.5" complexity="4">
              <lines>
                <line number="13" hits="13" branch="False" />
                <line number="14" hits="37" branch="False" />
                <line number="15" hits="13" branch="False" />
                <line number="16" hits="13" branch="False" />
                <line number="17" hits="24" branch="False" />
                <line number="19" hits="13" branch="False" />
                <line number="21" hits="24" branch="False" />
                <line number="22" hits="13" branch="False" />
                <line number="23" hits="13" branch="False" />
                <line number="24" hits="15" branch="False" />
                <line number="26" hits="20" branch="True" condition-coverage="50% (1/2)">
                  <conditions>
                    <condition number="227" type="jump" coverage="50%" />
                  </conditions>
                </line>
                <line number="27" hits="9" branch="False" />
                <line number="28" hits="9" branch="False" />
                <line number="29" hits="11" branch="False" />
                <line number="31" hits="9" branch="False" />
                <line number="32" hits="9" branch="False" />
                <line number="33" hits="9" branch="False" />
                <line number="34" hits="9" branch="False" />
                <line number="35" hits="9" branch="False" />
                <line number="36" hits="9" branch="False" />
                <line number="37" hits="9" branch="False" />
                <line number="38" hits="9" branch="False" />
                <line number="39" hits="9" branch="False" />
                <line number="40" hits="9" branch="False" />
                <line number="41" hits="9" branch="False" />
                <line number="42" hits="9" branch="False" />
                <line number="43" hits="9" branch="False" />
                <line number="44" hits="9" branch="False" />
                <line number="45" hits="9" branch="False" />
                <line number="46" hits="9" branch="False" />
                <line number="47" hits="9" branch="False" />
                <line number="49" hits="9" branch="True" condition-coverage="50% (1/2)">
                  <conditions>
                    <condition number="405" type="jump" coverage="50%" />
                  </conditions>
                </line>
                <line number="50" hits="9" branch="False" />
              </lines>
            </method>
          </methods>
          <lines>
            <line number="13" hits="13" branch="False" />
            <line number="14" hits="37" branch="False" />
            <line number="15" hits="13" branch="False" />
            <line number="16" hits="13" branch="False" />
            <line number="17" hits="24" branch="False" />
            <line number="19" hits="13" branch="False" />
            <line number="21" hits="24" branch="False" />
            <line number="22" hits="13" branch="False" />
            <line number="23" hits="13" branch="False" />
            <line number="24" hits="15" branch="False" />
            <line number="26" hits="20" branch="True" condition-coverage="50% (1/2)">
              <conditions>
                <condition number="227" type="jump" coverage="50%" />
              </conditions>
            </line>
            <line number="27" hits="9" branch="False" />
            <line number="28" hits="9" branch="False" />
            <line number="29" hits="11" branch="False" />
            <line number="31" hits="9" branch="False" />
            <line number="32" hits="9" branch="False" />
            <line number="33" hits="9" branch="False" />
            <line number="34" hits="9" branch="False" />
            <line number="35" hits="9" branch="False" />
            <line number="36" hits="9" branch="False" />
            <line number="37" hits="9" branch="False" />
            <line number="38" hits="9" branch="False" />
            <line number="39" hits="9" branch="False" />
            <line number="40" hits="9" branch="False" />
            <line number="41" hits="9" branch="False" />
            <line number="42" hits="9" branch="False" />
            <line number="43" hits="9" branch="False" />
            <line number="44" hits="9" branch="False" />
            <line number="45" hits="9" branch="False" />
            <line number="46" hits="9" branch="False" />
            <line number="47" hits="9" branch="False" />
            <line number="49" hits="9" branch="True" condition-coverage="50% (1/2)">
              <conditions>
                <condition number="405" type="jump" coverage="50%" />
              </conditions>
            </line>
            <line number="50" hits="9" branch="False" />
          </lines>
        </class>
        <class name="Tools.ContainerRegistration.Microsoft.Models.MicrosoftGeneratedServiceRegistrationEntity" filename="Tools.ContainerRegistration.Microsoft/Models/MicrosoftGeneratedServiceRegistrationEntity.cs" line-rate="1" branch-rate="1" complexity="1">
          <methods>
            <method name="get_AutoActivate" signature="()" line-rate="1" branch-rate="1" complexity="1">
              <lines>
                <line number="7" hits="22" branch="False" />
              </lines>
            </method>
          </methods>
          <lines>
            <line number="7" hits="22" branch="False" />
          </lines>
        </class>
      </classes>
    </package>
    <package name="Tools.ContainerRegistration.Common" line-rate="0.8945000000000001" branch-rate="0.7631" complexity="147">
      <classes>
        <class name="Tools.ContainerRegistration.Common.GlobalSettings" filename="Tools.ContainerRegistration.Common/GlobalSettings.cs" line-rate="1" branch-rate="0.6818000000000001" complexity="29">
          <methods>
            <method name="get_RegisterInterfacesOnlyFromThatAssemblies" signature="()" line-rate="1" branch-rate="1" complexity="1">
              <lines>
                <line number="25" hits="58" branch="False" />
              </lines>
            </method>
            <method name="get_ExcludedFromRegisteringMatching" signature="()" line-rate="1" branch-rate="1" complexity="1">
              <lines>
                <line number="26" hits="91" branch="False" />
              </lines>
            </method>
            <method name="get_RegisterTypesMatching" signature="()" line-rate="1" branch-rate="1" complexity="1">
              <lines>
                <line number="27" hits="97" branch="False" />
              </lines>
            </method>
            <method name="get_RegisterAsSelf" signature="()" line-rate="1" branch-rate="1" complexity="1">
              <lines>
                <line number="28" hits="71" branch="False" />
              </lines>
            </method>
            <method name="get_RegisterAsAllInheritedTypes" signature="()" line-rate="1" branch-rate="1" complexity="1">
              <lines>
                <line number="29" hits="66" branch="False" />
              </lines>
            </method>
            <method name="get_RegisterAsDirectlyInheritedTypes" signature="()" line-rate="1" branch-rate="1" complexity="1">
              <lines>
                <line number="30" hits="50" branch="False" />
              </lines>
            </method>
            <method name="LoadSettings" signature="(Microsoft.CodeAnalysis.GeneratorExecutionContext)" line-rate="1" branch-rate="0.6818000000000001" complexity="22">
              <lines>
                <line number="33" hits="30" branch="False" />
                <line number="34" hits="30" branch="False" />
                <line number="36" hits="48" branch="False" />
                <line number="37" hits="30" branch="True" condition-coverage="100% (2/2)">
                  <conditions>
                    <condition number="57" type="jump" coverage="100%" />
                  </conditions>
                </line>
                <line number="38" hits="18" branch="False" />
                <line number="39" hits="18" branch="True" condition-coverage="50% (1/2)">
                  <conditions>
                    <condition number="77" type="jump" coverage="50%" />
                  </conditions>
                </line>
                <line number="40" hits="18" branch="False" />
                <line number="41" hits="18" branch="True" condition-coverage="75% (3/4)">
                  <conditions>
                    <condition number="101" type="jump" coverage="50%" />
                    <condition number="114" type="jump" coverage="100%" />
                  </conditions>
                </line>
                <line number="42" hits="18" branch="True" condition-coverage="75% (3/4)">
                  <conditions>
                    <condition number="131" type="jump" coverage="50%" />
                    <condition number="144" type="jump" coverage="100%" />
                  </conditions>
                </line>
                <line number="43" hits="18" branch="True" condition-coverage="50% (1/2)">
                  <conditions>
                    <condition number="161" type="jump" coverage="50%" />
                  </conditions>
                </line>
                <line number="44" hits="18" branch="True" condition-coverage="50% (1/2)">
                  <conditions>
                    <condition number="201" type="jump" coverage="50%" />
                  </conditions>
                </line>
                <line number="45" hits="18" branch="True" condition-coverage="50% (1/2)">
                  <conditions>
                    <condition number="241" type="jump" coverage="50%" />
                  </conditions>
                </line>
                <line number="46" hits="18" branch="True" condition-coverage="75% (3/4)">
                  <conditions>
                    <condition number="281" type="jump" coverage="50%" />
                    <condition number="294" type="jump" coverage="100%" />
                  </conditions>
                </line>
                <line number="47" hits="18" branch="False" />
                <line number="49" hits="30" branch="False" />
                <line number="50" hits="30" branch="False" />
              </lines>
            </method>
            <method name=".cctor" signature="()" line-rate="1" branch-rate="1" complexity="1">
              <lines>
                <line number="19" hits="1" branch="False" />
                <line number="20" hits="1" branch="False" />
                <line number="21" hits="1" branch="False" />
                <line number="22" hits="1" branch="False" />
                <line number="23" hits="1" branch="False" />
              </lines>
            </method>
          </methods>
          <lines>
            <line number="25" hits="58" branch="False" />
            <line number="26" hits="91" branch="False" />
            <line number="27" hits="97" branch="False" />
            <line number="28" hits="71" branch="False" />
            <line number="29" hits="66" branch="False" />
            <line number="30" hits="50" branch="False" />
            <line number="33" hits="30" branch="False" />
            <line number="34" hits="30" branch="False" />
            <line number="36" hits="48" branch="False" />
            <line number="37" hits="30" branch="True" condition-coverage="100% (2/2)">
              <conditions>
                <condition number="57" type="jump" coverage="100%" />
              </conditions>
            </line>
            <line number="38" hits="18" branch="False" />
            <line number="39" hits="18" branch="True" condition-coverage="50% (1/2)">
              <conditions>
                <condition number="77" type="jump" coverage="50%" />
              </conditions>
            </line>
            <line number="40" hits="18" branch="False" />
            <line number="41" hits="18" branch="True" condition-coverage="75% (3/4)">
              <conditions>
                <condition number="101" type="jump" coverage="50%" />
                <condition number="114" type="jump" coverage="100%" />
              </conditions>
            </line>
            <line number="42" hits="18" branch="True" condition-coverage="75% (3/4)">
              <conditions>
                <condition number="131" type="jump" coverage="50%" />
                <condition number="144" type="jump" coverage="100%" />
              </conditions>
            </line>
            <line number="43" hits="18" branch="True" condition-coverage="50% (1/2)">
              <conditions>
                <condition number="161" type="jump" coverage="50%" />
              </conditions>
            </line>
            <line number="44" hits="18" branch="True" condition-coverage="50% (1/2)">
              <conditions>
                <condition number="201" type="jump" coverage="50%" />
              </conditions>
            </line>
            <line number="45" hits="18" branch="True" condition-coverage="50% (1/2)">
              <conditions>
                <condition number="241" type="jump" coverage="50%" />
              </conditions>
            </line>
            <line number="46" hits="18" branch="True" condition-coverage="75% (3/4)">
              <conditions>
                <condition number="281" type="jump" coverage="50%" />
                <condition number="294" type="jump" coverage="100%" />
              </conditions>
            </line>
            <line number="47" hits="18" branch="False" />
            <line number="49" hits="30" branch="False" />
            <line number="50" hits="30" branch="False" />
            <line number="19" hits="1" branch="False" />
            <line number="20" hits="1" branch="False" />
            <line number="21" hits="1" branch="False" />
            <line number="22" hits="1" branch="False" />
            <line number="23" hits="1" branch="False" />
          </lines>
        </class>
        <class name="Tools.ContainerRegistration.Common.ServiceRegistrationGenerator" filename="Tools.ContainerRegistration.Common/ServiceRegistrationGenerator.cs" line-rate="0.8983" branch-rate="0.7888" complexity="94">
          <methods>
            <method name="Initialize" signature="(Microsoft.CodeAnalysis.GeneratorInitializationContext)" line-rate="1" branch-rate="1" complexity="1">
              <lines>
                <line number="18" hits="22" branch="False" />
                <line number="19" hits="22" branch="False" />
              </lines>
            </method>
            <method name="Execute" signature="(Microsoft.CodeAnalysis.GeneratorExecutionContext)" line-rate="1" branch-rate="1" complexity="1">
              <lines>
                <line number="22" hits="22" branch="False" />
                <line number="23" hits="22" branch="False" />
                <line number="25" hits="22" branch="False" />
                <line number="27" hits="22" branch="False" />
                <line number="29" hits="15" branch="False" />
                <line number="30" hits="15" branch="False" />
              </lines>
            </method>
            <method name="DiscoverTypesForRegistration" signature="(Microsoft.CodeAnalysis.Compilation,Tools.ContainerRegistration.Common.GlobalSettings)" line-rate="0.9259000000000001" branch-rate="1" complexity="14">
              <lines>
                <line number="33" hits="22" branch="False" />
                <line number="34" hits="22" branch="False" />
                <line number="65" hits="110" branch="True" condition-coverage="100% (2/2)">
                  <conditions>
                    <condition number="337" type="jump" coverage="100%" />
                  </conditions>
                </line>
                <line number="66" hits="22" branch="False" />
                <line number="67" hits="22" branch="False" />
                <line number="68" hits="22" branch="False" />
                <line number="69" hits="22" branch="False" />
                <line number="70" hits="22" branch="False" />
                <line number="72" hits="122" branch="True" condition-coverage="100% (2/2)">
                  <conditions>
                    <condition number="201" type="jump" coverage="100%" />
                  </conditions>
                </line>
                <line number="73" hits="28" branch="False" />
                <line number="74" hits="28" branch="False" />
                <line number="75" hits="28" branch="True" condition-coverage="100% (2/2)">
                  <conditions>
                    <condition number="165" type="jump" coverage="100%" />
                  </conditions>
                </line>
                <line number="76" hits="0" branch="False" />
                <line number="78" hits="28" branch="True" condition-coverage="100% (2/2)">
                  <conditions>
                    <condition number="182" type="jump" coverage="100%" />
                  </conditions>
                </line>
                <line number="79" hits="19" branch="False" />
                <line number="80" hits="28" branch="False" />
                <line number="82" hits="96" branch="True" condition-coverage="100% (2/2)">
                  <conditions>
                    <condition number="311" type="jump" coverage="100%" />
                  </conditions>
                </line>
                <line number="83" hits="15" branch="False" />
                <line number="84" hits="15" branch="False" />
                <line number="85" hits="15" branch="True" condition-coverage="100% (2/2)">
                  <conditions>
                    <condition number="275" type="jump" coverage="100%" />
                  </conditions>
                </line>
                <line number="86" hits="0" branch="False" />
                <line number="88" hits="15" branch="True" condition-coverage="100% (2/2)">
                  <conditions>
                    <condition number="292" type="jump" coverage="100%" />
                  </conditions>
                </line>
                <line number="89" hits="5" branch="False" />
                <line number="90" hits="15" branch="False" />
                <line number="91" hits="22" branch="False" />
                <line number="92" hits="22" branch="False" />
                <line number="93" hits="22" branch="False" />
              </lines>
            </method>
            <method name="GenerateServiceRegistrationCode" signature="(System.String,System.Collections.Generic.List`1&lt;Microsoft.CodeAnalysis.INamedTypeSymbol&gt;,Tools.ContainerRegistration.Common.GlobalSettings)" line-rate="1" branch-rate="0.875" complexity="8">
              <lines>
                <line number="99" hits="22" branch="False" />
                <line number="100" hits="22" branch="False" />
                <line number="102" hits="22" branch="False" />
                <line number="103" hits="22" branch="False" />
                <line number="104" hits="22" branch="False" />
                <line number="105" hits="22" branch="False" />
                <line number="106" hits="22" branch="False" />
                <line number="107" hits="22" branch="False" />
                <line number="108" hits="22" branch="False" />
                <line number="110" hits="114" branch="True" condition-coverage="100% (2/2)">
                  <conditions>
                    <condition number="274" type="jump" coverage="100%" />
                  </conditions>
                </line>
                <line number="111" hits="24" branch="False" />
                <line number="112" hits="24" branch="False" />
                <line number="114" hits="24" branch="False" />
                <line number="115" hits="24" branch="False" />
                <line number="116" hits="24" branch="False" />
                <line number="118" hits="31" branch="True" condition-coverage="75% (3/4)">
                  <conditions>
                    <condition number="169" type="jump" coverage="50%" />
                    <condition number="186" type="jump" coverage="100%" />
                  </conditions>
                </line>
                <line number="119" hits="17" branch="True" condition-coverage="100% (2/2)">
                  <conditions>
                    <condition number="202" type="jump" coverage="100%" />
                  </conditions>
                </line>
                <line number="121" hits="17" branch="False" />
                <line number="122" hits="17" branch="False" />
                <line number="123" hits="17" branch="False" />
                <line number="124" hits="17" branch="False" />
                <line number="126" hits="17" branch="False" />
                <line number="127" hits="17" branch="False" />
                <line number="129" hits="22" branch="False" />
                <line number="130" hits="15" branch="False" />
                <line number="131" hits="15" branch="False" />
              </lines>
            </method>
            <method name="GenerateForSingleton" signature="(Microsoft.CodeAnalysis.INamedTypeSymbol,Tools.ContainerRegistration.Common.Models.ServiceRegistrationEntity)" line-rate="1" branch-rate="0.8332999999999999" complexity="6">
              <lines>
                <line number="136" hits="17" branch="False" />
                <line number="137" hits="24" branch="True" condition-coverage="50% (1/2)">
                  <conditions>
                    <condition number="7" type="jump" coverage="50%" />
                  </conditions>
                </line>
                <line number="138" hits="17" branch="True" condition-coverage="100% (2/2)">
                  <conditions>
                    <condition number="50" type="jump" coverage="100%" />
                  </conditions>
                </line>
                <line number="139" hits="3" branch="False" />
                <line number="140" hits="3" branch="False" />
                <line number="141" hits="6" branch="True" condition-coverage="100% (2/2)">
                  <conditions>
                    <condition number="105" type="jump" coverage="100%" />
                  </conditions>
                </line>
                <line number="142" hits="1" branch="False" />
                <line number="143" hits="1" branch="False" />
                <line number="144" hits="1" branch="False" />
                <line number="145" hits="3" branch="False" />
                <line number="146" hits="17" branch="False" />
              </lines>
            </method>
            <method name="GenerateForScoped" signature="(Microsoft.CodeAnalysis.INamedTypeSymbol,Tools.ContainerRegistration.Common.Models.ServiceRegistrationEntity)" line-rate="1" branch-rate="0.75" complexity="4">
              <lines>
                <line number="151" hits="17" branch="False" />
                <line number="152" hits="24" branch="True" condition-coverage="50% (1/2)">
                  <conditions>
                    <condition number="7" type="jump" coverage="50%" />
                  </conditions>
                </line>
                <line number="153" hits="17" branch="True" condition-coverage="100% (2/2)">
                  <conditions>
                    <condition number="50" type="jump" coverage="100%" />
                  </conditions>
                </line>
                <line number="154" hits="2" branch="False" />
                <line number="155" hits="2" branch="False" />
                <line number="156" hits="2" branch="False" />
                <line number="157" hits="17" branch="False" />
              </lines>
            </method>
            <method name="CheckIfAbstract" signature="(Microsoft.CodeAnalysis.INamedTypeSymbol)" line-rate="1" branch-rate="1" complexity="1">
              <lines>
                <line number="160" hits="24" branch="False" />
                <line number="161" hits="24" branch="False" />
                <line number="162" hits="24" branch="False" />
              </lines>
            </method>
            <method name="CheckIfManual" signature="(Microsoft.CodeAnalysis.INamedTypeSymbol)" line-rate="1" branch-rate="0.5" complexity="2">
              <lines>
                <line number="165" hits="17" branch="False" />
                <line number="166" hits="24" branch="True" condition-coverage="50% (1/2)">
                  <conditions>
                    <condition number="7" type="jump" coverage="50%" />
                  </conditions>
                </line>
                <line number="167" hits="17" branch="False" />
              </lines>
            </method>
            <method name="GenerateForServiceRegistration" signature="(Microsoft.CodeAnalysis.INamedTypeSymbol,Tools.ContainerRegistration.Common.Models.ServiceRegistrationEntity,Tools.ContainerRegistration.Common.GlobalSettings)" line-rate="0.7333" branch-rate="0.7" complexity="10">
              <lines>
                <line number="173" hits="17" branch="False" />
                <line number="174" hits="24" branch="True" condition-coverage="50% (1/2)">
                  <conditions>
                    <condition number="7" type="jump" coverage="50%" />
                  </conditions>
                </line>
                <line number="175" hits="17" branch="True" condition-coverage="100% (2/2)">
                  <conditions>
                    <condition number="63" type="jump" coverage="100%" />
                  </conditions>
                </line>
                <line number="176" hits="2" branch="False" />
                <line number="177" hits="2" branch="False" />
                <line number="179" hits="14" branch="True" condition-coverage="100% (2/2)">
                  <conditions>
                    <condition number="150" type="jump" coverage="100%" />
                  </conditions>
                </line>
                <line number="180" hits="4" branch="False" />
                <line number="181" hits="4" branch="False" />
                <line number="182" hits="4" branch="False" />
                <line number="183" hits="4" branch="False" />
                <line number="184" hits="2" branch="False" />
                <line number="186" hits="15" branch="False" />
                <line number="187" hits="15" branch="True" condition-coverage="50% (1/2)">
                  <conditions>
                    <condition number="174" type="jump" coverage="50%" />
                  </conditions>
                </line>
                <line number="188" hits="15" branch="False" />
                <line number="190" hits="15" branch="False" />
                <line number="191" hits="15" branch="False" />
                <line number="192" hits="15" branch="False" />
                <line number="193" hits="7" branch="False" />
                <line number="194" hits="15" branch="False" />
                <line number="195" hits="15" branch="False" />
                <line number="196" hits="0" branch="True" condition-coverage="50% (1/2)">
                  <conditions>
                    <condition number="266" type="jump" coverage="50%" />
                  </conditions>
                </line>
                <line number="197" hits="0" branch="False" />
                <line number="199" hits="0" branch="False" />
                <line number="200" hits="0" branch="False" />
                <line number="201" hits="0" branch="False" />
                <line number="202" hits="0" branch="False" />
                <line number="203" hits="0" branch="False" />
                <line number="204" hits="0" branch="False" />
                <line number="212" hits="15" branch="False" />
                <line number="213" hits="17" branch="False" />
              </lines>
            </method>
            <method name="GenerateForSelf" signature="(Microsoft.CodeAnalysis.INamedTypeSymbol,Tools.ContainerRegistration.Common.Models.ServiceRegistrationEntity,Tools.ContainerRegistration.Common.GlobalSettings)" line-rate="1" branch-rate="1" complexity="2">
              <lines>
                <line number="219" hits="17" branch="False" />
                <line number="220" hits="17" branch="True" condition-coverage="100% (2/2)">
                  <conditions>
                    <condition number="9" type="jump" coverage="100%" />
                  </conditions>
                </line>
                <line number="221" hits="17" branch="False" />
                <line number="222" hits="17" branch="False" />
              </lines>
            </method>
            <method name="GenerateForFactory" signature="(Microsoft.CodeAnalysis.INamedTypeSymbol,Tools.ContainerRegistration.Common.Models.ServiceRegistrationEntity)" line-rate="0.4285" branch-rate="0.3333" complexity="6">
              <lines>
                <line number="225" hits="24" branch="False" />
                <line number="226" hits="24" branch="False" />
                <line number="227" hits="31" branch="True" condition-coverage="50% (1/2)">
                  <conditions>
                    <condition number="7" type="jump" coverage="50%" />
                  </conditions>
                </line>
                <line number="229" hits="24" branch="True" condition-coverage="50% (1/2)">
                  <conditions>
                    <condition number="50" type="jump" coverage="50%" />
                  </conditions>
                </line>
                <line number="230" hits="0" branch="False" />
                <line number="231" hits="0" branch="False" />
                <line number="232" hits="0" branch="True" condition-coverage="0% (0/2)">
                  <conditions>
                    <condition number="96" type="jump" coverage="0%" />
                  </conditions>
                </line>
                <line number="233" hits="0" branch="False" />
                <line number="234" hits="0" branch="False" />
                <line number="235" hits="0" branch="False" />
                <line number="236" hits="0" branch="False" />
                <line number="238" hits="0" branch="False" />
                <line number="240" hits="24" branch="False" />
                <line number="241" hits="24" branch="False" />
              </lines>
            </method>
            <method name="CollectRequiredNamespaces" signature="(System.Collections.Generic.IEnumerable`1&lt;Microsoft.CodeAnalysis.INamedTypeSymbol&gt;)" line-rate="1" branch-rate="0.7777" complexity="18">
              <lines>
                <line number="244" hits="22" branch="False" />
                <line number="245" hits="22" branch="False" />
                <line number="247" hits="114" branch="True" condition-coverage="100% (2/2)">
                  <conditions>
                    <condition number="279" type="jump" coverage="100%" />
                  </conditions>
                </line>
                <line number="248" hits="24" branch="False" />
                <line number="250" hits="24" branch="True" condition-coverage="75% (3/4)">
                  <conditions>
                    <condition number="35" type="jump" coverage="50%" />
                    <condition number="58" type="jump" coverage="100%" />
                  </conditions>
                </line>
                <line number="251" hits="24" branch="False" />
                <line number="252" hits="24" branch="False" />
                <line number="253" hits="24" branch="False" />
                <line number="256" hits="24" branch="False" />
                <line number="257" hits="31" branch="True" condition-coverage="50% (1/2)">
                  <conditions>
                    <condition number="7" type="jump" coverage="50%" />
                  </conditions>
                </line>
                <line number="259" hits="24" branch="True" condition-coverage="100% (2/2)">
                  <conditions>
                    <condition number="131" type="jump" coverage="100%" />
                  </conditions>
                </line>
                <line number="260" hits="2" branch="False" />
                <line number="261" hits="2" branch="False" />
                <line number="263" hits="14" branch="True" condition-coverage="100% (2/2)">
                  <conditions>
                    <condition number="269" type="jump" coverage="100%" />
                  </conditions>
                </line>
                <line number="264" hits="4" branch="False" />
                <line number="265" hits="4" branch="False" />
                <line number="266" hits="4" branch="True" condition-coverage="66.66% (4/6)">
                  <conditions>
                    <condition number="202" type="jump" coverage="50%" />
                    <condition number="212" type="jump" coverage="50%" />
                    <condition number="238" type="jump" coverage="100%" />
                  </conditions>
                </line>
                <line number="267" hits="4" branch="False" />
                <line number="268" hits="4" branch="False" />
                <line number="269" hits="4" branch="False" />
                <line number="270" hits="4" branch="False" />
                <line number="271" hits="2" branch="False" />
                <line number="272" hits="24" branch="False" />
                <line number="274" hits="22" branch="False" />
                <line number="275" hits="22" branch="False" />
              </lines>
            </method>
            <method name="&lt;DiscoverTypesForRegistration&gt;g__MatchesPattern|4_0" signature="(System.String,System.String)" line-rate="1" branch-rate="1" complexity="1">
              <lines>
                <line number="37" hits="156" branch="False" />
                <line number="38" hits="156" branch="False" />
                <line number="39" hits="156" branch="False" />
                <line number="40" hits="156" branch="False" />
              </lines>
            </method>
            <method name="&lt;DiscoverTypesForRegistration&gt;g__ShouldRegisterType|4_1" signature="(Microsoft.CodeAnalysis.INamedTypeSymbol,Tools.ContainerRegistration.Common.ServiceRegistrationGenerator/&lt;&gt;c__DisplayClass4_0&amp;)" line-rate="1" branch-rate="0.8" complexity="20">
              <lines>
                <line number="43" hits="43" branch="False" />
                <line number="44" hits="45" branch="True" condition-coverage="100% (2/2)">
                  <conditions>
                    <condition number="29" type="jump" coverage="100%" />
                  </conditions>
                </line>
                <line number="46" hits="41" branch="False" />
                <line number="47" hits="50" branch="True" condition-coverage="50% (1/2)">
                  <conditions>
                    <condition number="7" type="jump" coverage="50%" />
                  </conditions>
                </line>
                <line number="48" hits="43" branch="True" condition-coverage="100% (2/2)">
                  <conditions>
                    <condition number="92" type="jump" coverage="100%" />
                  </conditions>
                </line>
                <line number="50" hits="39" branch="False" />
                <line number="51" hits="191" branch="False" />
                <line number="54" hits="39" branch="False" />
                <line number="55" hits="43" branch="False" />
                <line number="57" hits="39" branch="False" />
                <line number="58" hits="46" branch="True" condition-coverage="70% (7/10)">
                  <conditions>
                    <condition number="7" type="jump" coverage="50%" />
                    <condition number="28" type="jump" coverage="100%" />
                    <condition number="37" type="jump" coverage="50%" />
                    <condition number="58" type="jump" coverage="100%" />
                    <condition number="67" type="jump" coverage="50%" />
                  </conditions>
                </line>
                <line number="59" hits="46" branch="False" />
                <line number="60" hits="46" branch="False" />
                <line number="62" hits="39" branch="True" condition-coverage="100% (4/4)">
                  <conditions>
                    <condition number="211" type="jump" coverage="100%" />
                    <condition number="214" type="jump" coverage="100%" />
                  </conditions>
                </line>
                <line number="63" hits="43" branch="False" />
              </lines>
            </method>
          </methods>
          <lines>
            <line number="18" hits="22" branch="False" />
            <line number="19" hits="22" branch="False" />
            <line number="22" hits="22" branch="False" />
            <line number="23" hits="22" branch="False" />
            <line number="25" hits="22" branch="False" />
            <line number="27" hits="22" branch="False" />
            <line number="29" hits="15" branch="False" />
            <line number="30" hits="15" branch="False" />
            <line number="33" hits="22" branch="False" />
            <line number="34" hits="22" branch="False" />
            <line number="65" hits="110" branch="True" condition-coverage="100% (2/2)">
              <conditions>
                <condition number="337" type="jump" coverage="100%" />
              </conditions>
            </line>
            <line number="66" hits="22" branch="False" />
            <line number="67" hits="22" branch="False" />
            <line number="68" hits="22" branch="False" />
            <line number="69" hits="22" branch="False" />
            <line number="70" hits="22" branch="False" />
            <line number="72" hits="122" branch="True" condition-coverage="100% (2/2)">
              <conditions>
                <condition number="201" type="jump" coverage="100%" />
[...]
            <line number="232" hits="0" branch="True" condition-coverage="0% (0/2)">
              <conditions>
                <condition number="96" type="jump" coverage="0%" />
              </conditions>
            </line>
            <line number="233" hits="0" branch="False" />
            <line number="234" hits="0" branch="False" />
            <line number="235" hits="0" branch="False" />
            <line number="236" hits="0" branch="False" />
            <line number="238" hits="0" branch="False" />
            <line number="240" hits="24" branch="False" />
            <line number="241" hits="24" branch="False" />
            <line number="244" hits="22" branch="False" />
            <line number="245" hits="22" branch="False" />
            <line number="247" hits="114" branch="True" condition-coverage="100% (2/2)">
              <conditions>
                <condition number="279" type="jump" coverage="100%" />
              </conditions>
            </line>
            <line number="248" hits="24" branch="False" />
            <line number="250" hits="24" branch="True" condition-coverage="75% (3/4)">
              <conditions>
                <condition number="35" type="jump" coverage="50%" />
                <condition number="58" type="jump" coverage="100%" />
              </conditions>
            </line>
            <line number="251" hits="24" branch="False" />
            <line number="252" hits="24" branch="False" />
            <line number="253" hits="24" branch="False" />
            <line number="256" hits="24" branch="False" />
            <line number="257" hits="31" branch="True" condition-coverage="50% (1/2)">
              <conditions>
                <condition number="7" type="jump" coverage="50%" />
              </conditions>
            </line>
            <line number="259" hits="24" branch="True" condition-coverage="100% (2/2)">
              <conditions>
                <condition number="131" type="jump" coverage="100%" />
              </conditions>
            </line>
            <line number="260" hits="2" branch="False" />
            <line number="261" hits="2" branch="False" />
            <line number="263" hits="14" branch="True" condition-coverage="100% (2/2)">
              <conditions>
                <condition number="269" type="jump" coverage="100%" />
              </conditions>
            </line>
            <line number="264" hits="4" branch="False" />
            <line number="265" hits="4" branch="False" />
            <line number="266" hits="4" branch="True" condition-coverage="66.66% (4/6)">
              <conditions>
                <condition number="202" type="jump" coverage="50%" />
                <condition number="212" type="jump" coverage="50%" />
                <condition number="238" type="jump" coverage="100%" />
              </conditions>
            </line>
            <line number="267" hits="4" branch="False" />
            <line number="268" hits="4" branch="False" />
            <line number="269" hits="4" branch="False" />
            <line number="270" hits="4" branch="False" />
            <line number="271" hits="2" branch="False" />
            <line number="272" hits="24" branch="False" />
            <line number="274" hits="22" branch="False" />
            <line number="275" hits="22" branch="False" />
            <line number="37" hits="156" branch="False" />
            <line number="38" hits="156" branch="False" />
            <line number="39" hits="156" branch="False" />
            <line number="40" hits="156" branch="False" />
            <line number="43" hits="43" branch="False" />
            <line number="44" hits="45" branch="True" condition-coverage="100% (2/2)">
              <conditions>
                <condition number="29" type="jump" coverage="100%" />
              </conditions>
            </line>
            <line number="46" hits="41" branch="False" />
            <line number="47" hits="50" branch="True" condition-coverage="50% (1/2)">
              <conditions>
                <condition number="7" type="jump" coverage="50%" />
              </conditions>
            </line>
            <line number="48" hits="43" branch="True" condition-coverage="100% (2/2)">
              <conditions>
                <condition number="92" type="jump" coverage="100%" />
              </conditions>
            </line>
            <line number="50" hits="39" branch="False" />
            <line number="51" hits="191" branch="False" />
            <line number="54" hits="39" branch="False" />
            <line number="55" hits="43" branch="False" />
            <line number="57" hits="39" branch="False" />
            <line number="58" hits="46" branch="True" condition-coverage="70% (7/10)">
              <conditions>
                <condition number="7" type="jump" coverage="50%" />
                <condition number="28" type="jump" coverage="100%" />
                <condition number="37" type="jump" coverage="50%" />
                <condition number="58" type="jump" coverage="100%" />
                <condition number="67" type="jump" coverage="50%" />
              </conditions>
            </line>
            <line number="59" hits="46" branch="False" />
            <line number="60" hits="46" branch="False" />
            <line number="62" hits="39" branch="True" condition-coverage="100% (4/4)">
              <conditions>
                <condition number="211" type="jump" coverage="100%" />
                <condition number="214" type="jump" coverage="100%" />
              </conditions>
            </line>
            <line number="63" hits="43" branch="False" />
          </lines>
        </class>
        <class name="Tools.ContainerRegistration.Common.ServiceRegistrationGenerator/&lt;&gt;c__DisplayClass10_0" filename="Tools.ContainerRegistration.Common/ServiceRegistrationGenerator.cs" line-rate="0.6" branch-rate="0.5" complexity="2">
          <methods>
            <method name="&lt;GenerateForServiceRegistration&gt;g__SymbolBelongsToAllowedAssemblies|3" signature="(Microsoft.CodeAnalysis.INamedTypeSymbol)" line-rate="0.6" branch-rate="0.5" complexity="2">
              <lines>
                <line number="207" hits="7" branch="False" />
                <line number="208" hits="14" branch="True" condition-coverage="50% (1/2)">
                  <conditions>
                    <condition number="22" type="jump" coverage="50%" />
                  </conditions>
                </line>
                <line number="209" hits="0" branch="False" />
                <line number="210" hits="0" branch="False" />
                <line number="211" hits="7" branch="False" />
              </lines>
            </method>
          </methods>
          <lines>
            <line number="207" hits="7" branch="False" />
            <line number="208" hits="14" branch="True" condition-coverage="50% (1/2)">
              <conditions>
                <condition number="22" type="jump" coverage="50%" />
              </conditions>
            </line>
            <line number="209" hits="0" branch="False" />
            <line number="210" hits="0" branch="False" />
            <line number="211" hits="7" branch="False" />
          </lines>
        </class>
        <class name="Tools.ContainerRegistration.Common.Models.FactoryRegistrationEntity" filename="Tools.ContainerRegistration.Common/Models/FactoryRegistrationEntity.cs" line-rate="0" branch-rate="1" complexity="2">
          <methods>
            <method name="get_FactoryMethodName" signature="()" line-rate="0" branch-rate="1" complexity="1">
              <lines>
                <line number="10" hits="0" branch="False" />
              </lines>
            </method>
            <method name=".ctor" signature="(System.String)" line-rate="0" branch-rate="1" complexity="1">
              <lines>
                <line number="5" hits="0" branch="False" />
                <line number="6" hits="0" branch="False" />
                <line number="7" hits="0" branch="False" />
                <line number="8" hits="0" branch="False" />
              </lines>
            </method>
          </methods>
          <lines>
            <line number="10" hits="0" branch="False" />
            <line number="5" hits="0" branch="False" />
            <line number="6" hits="0" branch="False" />
            <line number="7" hits="0" branch="False" />
            <line number="8" hits="0" branch="False" />
          </lines>
        </class>
        <class name="Tools.ContainerRegistration.Common.Models.GeneratedServiceRegistrationEntity" filename="Tools.ContainerRegistration.Common/Models/GeneratedServiceRegistrationEntity.cs" line-rate="1" branch-rate="1" complexity="1">
          <methods>
            <method name="get_Entity" signature="()" line-rate="1" branch-rate="1" complexity="1">
              <lines>
                <line number="5" hits="34" branch="False" />
              </lines>
            </method>
          </methods>
          <lines>
            <line number="5" hits="34" branch="False" />
          </lines>
        </class>
        <class name="Tools.ContainerRegistration.Common.Models.IocConfig" filename="Tools.ContainerRegistration.Common/Models/IocConfig.cs" line-rate="1" branch-rate="1" complexity="6">
          <methods>
            <method name="get_ExcludedFromRegisteringMatching" signature="()" line-rate="1" branch-rate="1" complexity="1">
              <lines>
                <line number="5" hits="22" branch="False" />
              </lines>
            </method>
            <method name="get_RegisterTypesMatching" signature="()" line-rate="1" branch-rate="1" complexity="1">
              <lines>
                <line number="6" hits="35" branch="False" />
              </lines>
            </method>
            <method name="get_RegisterInterfacesOnlyFromThatAssemblies" signature="()" line-rate="1" branch-rate="1" complexity="1">
              <lines>
                <line number="7" hits="19" branch="False" />
              </lines>
            </method>
            <method name="get_RegisterAsSelf" signature="()" line-rate="1" branch-rate="1" complexity="1">
              <lines>
                <line number="8" hits="23" branch="False" />
              </lines>
            </method>
            <method name="get_RegisterAsAllInheritedTypes" signature="()" line-rate="1" branch-rate="1" complexity="1">
              <lines>
                <line number="9" hits="21" branch="False" />
              </lines>
            </method>
            <method name="get_RegisterAsDirectlyInheritedTypes" signature="()" line-rate="1" branch-rate="1" complexity="1">
              <lines>
                <line number="10" hits="19" branch="False" />
              </lines>
            </method>
          </methods>
          <lines>
            <line number="5" hits="22" branch="False" />
            <line number="6" hits="35" branch="False" />
            <line number="7" hits="19" branch="False" />
            <line number="8" hits="23" branch="False" />
            <line number="9" hits="21" branch="False" />
            <line number="10" hits="19" branch="False" />
          </lines>
        </class>
        <class name="Tools.ContainerRegistration.Common.Models.ServiceRegistration" filename="Tools.ContainerRegistration.Common/Models/ServiceRegistration.cs" line-rate="1" branch-rate="1" complexity="6">
          <methods>
            <method name="get_ContainerName" signature="()" line-rate="1" branch-rate="1" complexity="1">
              <lines>
                <line number="9" hits="37" branch="False" />
              </lines>
            </method>
            <method name="get_ContainerType" signature="()" line-rate="1" branch-rate="1" complexity="1">
              <lines>
                <line number="10" hits="37" branch="False" />
              </lines>
            </method>
            <method name="get_ProviderType" signature="()" line-rate="1" branch-rate="1" complexity="1">
              <lines>
                <line number="11" hits="31" branch="False" />
              </lines>
            </method>
            <method name="get_Namespace" signature="()" line-rate="1" branch-rate="1" complexity="1">
              <lines>
                <line number="12" hits="37" branch="False" />
              </lines>
            </method>
            <method name="get_Usings" signature="()" line-rate="1" branch-rate="1" complexity="1">
              <lines>
                <line number="13" hits="88" branch="False" />
              </lines>
            </method>
            <method name="get_Entities" signature="()" line-rate="1" branch-rate="1" complexity="1">
              <lines>
                <line number="14" hits="61" branch="False" />
              </lines>
            </method>
          </methods>
          <lines>
            <line number="9" hits="37" branch="False" />
            <line number="10" hits="37" branch="False" />
            <line number="11" hits="31" branch="False" />
            <line number="12" hits="37" branch="False" />
            <line number="13" hits="88" branch="False" />
            <line number="14" hits="61" branch="False" />
          </lines>
        </class>
        <class name="Tools.ContainerRegistration.Common.Models.ServiceRegistrationEntity" filename="Tools.ContainerRegistration.Common/Models/ServiceRegistrationEntity.cs" line-rate="1" branch-rate="1" complexity="7">
          <methods>
            <method name="get_RegisterAsInterfaces" signature="()" line-rate="1" branch-rate="1" complexity="1">
              <lines>
                <line number="13" hits="60" branch="False" />
              </lines>
            </method>
            <method name="get_NamedTypeSymbol" signature="()" line-rate="1" branch-rate="1" complexity="1">
              <lines>
                <line number="14" hits="29" branch="False" />
              </lines>
            </method>
            <method name="get_Scope" signature="()" line-rate="1" branch-rate="1" complexity="1">
              <lines>
                <line number="15" hits="47" branch="False" />
              </lines>
            </method>
            <method name="get_RegisterAsSelf" signature="()" line-rate="1" branch-rate="1" complexity="1">
              <lines>
                <line number="16" hits="35" branch="False" />
              </lines>
            </method>
            <method name="get_AutoActivate" signature="()" line-rate="1" branch-rate="1" complexity="1">
              <lines>
                <line number="17" hits="13" branch="False" />
              </lines>
            </method>
            <method name="get_FactoryRegistration" signature="()" line-rate="1" branch-rate="1" complexity="1">
              <lines>
                <line number="18" hits="41" branch="False" />
              </lines>
            </method>
            <method name=".ctor" signature="(Microsoft.CodeAnalysis.INamedTypeSymbol)" line-rate="1" branch-rate="1" complexity="1">
              <lines>
                <line number="8" hits="24" branch="False" />
                <line number="9" hits="24" branch="False" />
                <line number="10" hits="24" branch="False" />
                <line number="11" hits="24" branch="False" />
              </lines>
            </method>
          </methods>
          <lines>
            <line number="13" hits="60" branch="False" />
            <line number="14" hits="29" branch="False" />
            <line number="15" hits="47" branch="False" />
            <line number="16" hits="35" branch="False" />
            <line number="17" hits="13" branch="False" />
            <line number="18" hits="41" branch="False" />
            <line number="8" hits="24" branch="False" />
            <line number="9" hits="24" branch="False" />
            <line number="10" hits="24" branch="False" />
            <line number="11" hits="24" branch="False" />
          </lines>
        </class>
      </classes>
    </package>
    <package name="Tools.ContainerRegistration.Attributes" line-rate="0" branch-rate="1" complexity="6">
      <classes>
        <class name="Tools.ContainerRegistration.Attributes.FactoryRegistrationAttribute" filename="Tools.ContainerRegistration.Attributes/FactoryRegistrationAttribute.cs" line-rate="0" branch-rate="1" complexity="2">
          <methods>
            <method name="get_FactoryFullPath" signature="()" line-rate="0" branch-rate="1" complexity="1">
              <lines>
                <line number="11" hits="0" branch="False" />
              </lines>
            </method>
            <method name=".ctor" signature="(System.String)" line-rate="0" branch-rate="1" complexity="1">
              <lines>
                <line number="6" hits="0" branch="False" />
                <line number="7" hits="0" branch="False" />
                <line number="8" hits="0" branch="False" />
                <line number="9" hits="0" branch="False" />
              </lines>
            </method>
          </methods>
          <lines>
            <line number="11" hits="0" branch="False" />
            <line number="6" hits="0" branch="False" />
            <line number="7" hits="0" branch="False" />
            <line number="8" hits="0" branch="False" />
            <line number="9" hits="0" branch="False" />
          </lines>
        </class>
        <class name="Tools.ContainerRegistration.Attributes.ServiceRegistrationAttribute" filename="Tools.ContainerRegistration.Attributes/ServiceRegistrationAttribute.cs" line-rate="0" branch-rate="1" complexity="2">
          <methods>
            <method name="get_RegisterAs" signature="()" line-rate="0" branch-rate="1" complexity="1">
              <lines>
                <line number="10" hits="0" branch="False" />
              </lines>
            </method>
            <method name=".ctor" signature="(System.Type[])" line-rate="0" branch-rate="1" complexity="1">
              <lines>
                <line number="5" hits="0" branch="False" />
                <line number="6" hits="0" branch="False" />
                <line number="7" hits="0" branch="False" />
                <line number="8" hits="0" branch="False" />
              </lines>
            </method>
          </methods>
          <lines>
            <line number="10" hits="0" branch="False" />
            <line number="5" hits="0" branch="False" />
            <line number="6" hits="0" branch="False" />
            <line number="7" hits="0" branch="False" />
            <line number="8" hits="0" branch="False" />
          </lines>
        </class>
        <class name="Tools.ContainerRegistration.Attributes.SingletonAttribute" filename="Tools.ContainerRegistration.Attributes/SingletonAttribute.cs" line-rate="0" branch-rate="1" complexity="2">
          <methods>
            <method name="get_AutoActivate" signature="()" line-rate="0" branch-rate="1" complexity="1">
              <lines>
                <line number="13" hits="0" branch="False" />
              </lines>
            </method>
            <method name=".ctor" signature="(System.Boolean)" line-rate="0" branch-rate="1" complexity="1">
              <lines>
                <line number="8" hits="0" branch="False" />
                <line number="9" hits="0" branch="False" />
                <line number="10" hits="0" branch="False" />
                <line number="11" hits="0" branch="False" />
              </lines>
            </method>
          </methods>
          <lines>
            <line number="13" hits="0" branch="False" />
            <line number="8" hits="0" branch="False" />
            <line number="9" hits="0" branch="False" />
            <line number="10" hits="0" branch="False" />
            <line number="11" hits="0" branch="False" />
          </lines>
        </class>
      </classes>
    </package>
  </packages>
</coverage>