<?xml version="1.0" encoding="utf-8"?>
<coverage line-rate="0.8506" branch-rate="0.759" version="1.9" timestamp="1768570221" lines-covered="410" lines-valid="482" branches-covered="126" branches-valid="166">
  <sources>
    <source>/Users/immons/Projects/Tools.ContainerRegistration/</source>
  </sources>
  <packages>
    <package name="Tools.ContainerRegistration.Autofac" line-rate="0.8901" branch-rate="0.9166" complexity="27">
      <classes>
        <class name="Tools.ContainerRegistration.Autofac.AutofacGenerator" filename="Tools.ContainerRegistration.Autofac/AutofacGenerator.cs" line-rate="0.8506999999999999" branch-rate="0.9166" complexity="24">
          <methods>
            <method name="get_Name" signature="()" line-rate="1" branch-rate="1" complexity="1">
              <lines>
                <line number="10" hits="53" branch="False" />
              </lines>
            </method>
            <method name="get_ProviderType" signature="()" line-rate="1" branch-rate="1" complexity="1">
              <lines>
                <line number="11" hits="28" branch="False" />
              </lines>
            </method>
            <method name="get_ContainerType" signature="()" line-rate="1" branch-rate="1" complexity="1">
              <lines>
                <line number="12" hits="28" branch="False" />
              </lines>
            </method>
            <method name="get_Namespace" signature="()" line-rate="1" branch-rate="1" complexity="1">
              <lines>
                <line number="13" hits="28" branch="False" />
              </lines>
            </method>
            <method name="GetServiceRegistration" signature="()" line-rate="1" branch-rate="1" complexity="1">
              <lines>
                <line number="15" hits="28" branch="False" />
              </lines>
            </method>
            <method name="GenerateFactoryRegistration" signature="(System.String,System.String)" line-rate="0" branch-rate="1" complexity="1">
              <lines>
                <line number="18" hits="0" branch="False" />
                <line number="19" hits="0" branch="False" />
                <line number="20" hits="0" branch="False" />
                <line number="21" hits="0" branch="False" />
              </lines>
            </method>
            <method name="GenerateSelf" signature="()" line-rate="1" branch-rate="1" complexity="1">
              <lines>
                <line number="24" hits="29" branch="False" />
                <line number="25" hits="29" branch="False" />
                <line number="26" hits="29" branch="False" />
              </lines>
            </method>
            <method name="GenerateAs" signature="(System.String)" line-rate="1" branch-rate="1" complexity="1">
              <lines>
                <line number="29" hits="17" branch="False" />
                <line number="30" hits="17" branch="False" />
                <line number="31" hits="17" branch="False" />
              </lines>
            </method>
            <method name="GenerateSingleInstance" signature="()" line-rate="1" branch-rate="1" complexity="1">
              <lines>
                <line number="34" hits="5" branch="False" />
                <line number="35" hits="5" branch="False" />
                <line number="36" hits="5" branch="False" />
              </lines>
            </method>
            <method name="GenerateInstancePerLifetimeScope" signature="()" line-rate="1" branch-rate="1" complexity="1">
              <lines>
                <line number="39" hits="3" branch="False" />
                <line number="40" hits="3" branch="False" />
                <line number="41" hits="3" branch="False" />
              </lines>
            </method>
            <method name="GenerateAutoActivate" signature="()" line-rate="1" branch-rate="1" complexity="1">
              <lines>
                <line number="44" hits="1" branch="False" />
                <line number="45" hits="1" branch="False" />
                <line number="46" hits="1" branch="False" />
              </lines>
            </method>
            <method name="GenerateRegisterType" signature="(System.String)" line-rate="1" branch-rate="1" complexity="1">
              <lines>
                <line number="49" hits="32" branch="False" />
                <line number="50" hits="32" branch="False" />
                <line number="51" hits="32" branch="False" />
              </lines>
            </method>
            <method name="Generate" signature="(Tools.ContainerRegistration.Common.Models.ServiceRegistrationEntity)" line-rate="0.85" branch-rate="0.9166" complexity="12">
              <lines>
                <line number="54" hits="32" branch="False" />
                <line number="55" hits="32" branch="False" />
                <line number="56" hits="32" branch="False" />
                <line number="57" hits="32" branch="False" />
                <line number="58" hits="32" branch="True" condition-coverage="50% (1/2)">
                  <conditions>
                    <condition number="35" type="jump" coverage="50%" />
                  </conditions>
                </line>
                <line number="59" hits="0" branch="False" />
                <line number="60" hits="0" branch="False" />
                <line number="61" hits="0" branch="False" />
                <line number="62" hits="0" branch="False" />
                <line number="63" hits="0" branch="False" />
                <line number="64" hits="0" branch="False" />
                <line number="66" hits="32" branch="False" />
                <line number="67" hits="32" branch="False" />
                <line number="68" hits="32" branch="False" />
                <line number="70" hits="130" branch="True" condition-coverage="100% (2/2)">
                  <conditions>
                    <condition number="130" type="jump" coverage="100%" />
                  </conditions>
                </line>
                <line number="71" hits="17" branch="False" />
                <line number="72" hits="17" branch="False" />
                <line number="73" hits="17" branch="False" />
                <line number="75" hits="32" branch="True" condition-coverage="100% (2/2)">
                  <conditions>
                    <condition number="159" type="jump" coverage="100%" />
                  </conditions>
                </line>
                <line number="76" hits="29" branch="False" />
                <line number="77" hits="29" branch="False" />
                <line number="78" hits="29" branch="False" />
                <line number="80" hits="32" branch="True" condition-coverage="100% (2/2)">
                  <conditions>
                    <condition number="189" type="jump" coverage="100%" />
                  </conditions>
                </line>
                <line number="81" hits="5" branch="False" />
                <line number="82" hits="5" branch="False" />
                <line number="83" hits="5" branch="True" condition-coverage="100% (2/2)">
                  <conditions>
                    <condition number="215" type="jump" coverage="100%" />
                  </conditions>
                </line>
                <line number="84" hits="1" branch="False" />
                <line number="85" hits="1" branch="False" />
                <line number="86" hits="1" branch="False" />
                <line number="87" hits="5" branch="False" />
                <line number="88" hits="27" branch="True" condition-coverage="100% (2/2)">
                  <conditions>
                    <condition number="248" type="jump" coverage="100%" />
                  </conditions>
                </line>
                <line number="89" hits="3" branch="False" />
                <line number="90" hits="3" branch="False" />
                <line number="91" hits="3" branch="False" />
                <line number="93" hits="32" branch="False" />
                <line number="95" hits="32" branch="False" />
                <line number="96" hits="32" branch="False" />
                <line number="97" hits="32" branch="False" />
                <line number="98" hits="32" branch="False" />
                <line number="99" hits="32" branch="False" />
              </lines>
            </method>
          </methods>
          <lines>
            <line number="10" hits="53" branch="False" />
            <line number="11" hits="28" branch="False" />
            <line number="12" hits="28" branch="False" />
            <line number="13" hits="28" branch="False" />
            <line number="15" hits="28" branch="False" />
            <line number="18" hits="0" branch="False" />
            <line number="19" hits="0" branch="False" />
            <line number="20" hits="0" branch="False" />
            <line number="21" hits="0" branch="False" />
            <line number="24" hits="29" branch="False" />
            <line number="25" hits="29" branch="False" />
            <line number="26" hits="29" branch="False" />
            <line number="29" hits="17" branch="False" />
            <line number="30" hits="17" branch="False" />
            <line number="31" hits="17" branch="False" />
            <line number="34" hits="5" branch="False" />
            <line number="35" hits="5" branch="False" />
            <line number="36" hits="5" branch="False" />
            <line number="39" hits="3" branch="False" />
            <line number="40" hits="3" branch="False" />
            <line number="41" hits="3" branch="False" />
            <line number="44" hits="1" branch="False" />
            <line number="45" hits="1" branch="False" />
            <line number="46" hits="1" branch="False" />
            <line number="49" hits="32" branch="False" />
            <line number="50" hits="32" branch="False" />
            <line number="51" hits="32" branch="False" />
            <line number="54" hits="32" branch="False" />
            <line number="55" hits="32" branch="False" />
            <line number="56" hits="32" branch="False" />
            <line number="57" hits="32" branch="False" />
            <line number="58" hits="32" branch="True" condition-coverage="50% (1/2)">
              <conditions>
                <condition number="35" type="jump" coverage="50%" />
              </conditions>
            </line>
            <line number="59" hits="0" branch="False" />
            <line number="60" hits="0" branch="False" />
            <line number="61" hits="0" branch="False" />
            <line number="62" hits="0" branch="False" />
            <line number="63" hits="0" branch="False" />
            <line number="64" hits="0" branch="False" />
            <line number="66" hits="32" branch="False" />
            <line number="67" hits="32" branch="False" />
            <line number="68" hits="32" branch="False" />
            <line number="70" hits="130" branch="True" condition-coverage="100% (2/2)">
              <conditions>
                <condition number="130" type="jump" coverage="100%" />
              </conditions>
            </line>
            <line number="71" hits="17" branch="False" />
            <line number="72" hits="17" branch="False" />
            <line number="73" hits="17" branch="False" />
            <line number="75" hits="32" branch="True" condition-coverage="100% (2/2)">
              <conditions>
                <condition number="159" type="jump" coverage="100%" />
              </conditions>
            </line>
            <line number="76" hits="29" branch="False" />
            <line number="77" hits="29" branch="False" />
            <line number="78" hits="29" branch="False" />
            <line number="80" hits="32" branch="True" condition-coverage="100% (2/2)">
              <conditions>
                <condition number="189" type="jump" coverage="100%" />
              </conditions>
            </line>
            <line number="81" hits="5" branch="False" />
            <line number="82" hits="5" branch="False" />
            <line number="83" hits="5" branch="True" condition-coverage="100% (2/2)">
              <conditions>
                <condition number="215" type="jump" coverage="100%" />
              </conditions>
            </line>
            <line number="84" hits="1" branch="False" />
            <line number="85" hits="1" branch="False" />
            <line number="86" hits="1" branch="False" />
            <line number="87" hits="5" branch="False" />
            <line number="88" hits="27" branch="True" condition-coverage="100% (2/2)">
              <conditions>
                <condition number="248" type="jump" coverage="100%" />
              </conditions>
            </line>
            <line number="89" hits="3" branch="False" />
            <line number="90" hits="3" branch="False" />
            <line number="91" hits="3" branch="False" />
            <line number="93" hits="32" branch="False" />
            <line number="95" hits="32" branch="False" />
            <line number="96" hits="32" branch="False" />
            <line number="97" hits="32" branch="False" />
            <line number="98" hits="32" branch="False" />
            <line number="99" hits="32" branch="False" />
          </lines>
        </class>
        <class name="Tools.ContainerRegistration.Autofac.AutofacServiceRegistration" filename="Tools.ContainerRegistration.Autofac/AutofacServiceRegistration.cs" line-rate="1" branch-rate="1" complexity="1">
          <methods>
            <method name="Build" signature="(Tools.ContainerRegistration.Common.Generators.Interfaces.IGenerator)" line-rate="1" branch-rate="1" complexity="1">
              <lines>
                <line number="9" hits="28" branch="False" />
              </lines>
            </method>
          </methods>
          <lines>
            <line number="9" hits="28" branch="False" />
          </lines>
        </class>
        <class name="Tools.ContainerRegistration.Autofac.AutofacServiceRegistrationGenerator" filename="Tools.ContainerRegistration.Autofac/AutofacServiceRegistrationGenerator.cs" line-rate="1" branch-rate="1" complexity="1">
          <methods>
            <method name="get_Generator" signature="()" line-rate="1" branch-rate="1" complexity="1">
              <lines>
                <line number="11" hits="193" branch="False" />
              </lines>
            </method>
          </methods>
          <lines>
            <line number="11" hits="193" branch="False" />
          </lines>
        </class>
        <class name="Tools.ContainerRegistration.Autofac.AutofacServiceRegistrationTemplate" filename="Tools.ContainerRegistration.Autofac/AutofacServiceRegistrationTemplate.cs" line-rate="1" branch-rate="1" complexity="1">
          <methods>
            <method name="GenerateServiceRegistration" signature="(Tools.ContainerRegistration.Common.Generators.Interfaces.IGenerator,Tools.ContainerRegistration.Autofac.AutofacServiceRegistration)" line-rate="1" branch-rate="1" complexity="1">
              <lines>
                <line number="11" hits="28" branch="False" />
                <line number="12" hits="83" branch="False" />
                <line number="13" hits="28" branch="False" />
                <line number="14" hits="28" branch="False" />
                <line number="15" hits="55" branch="False" />
                <line number="17" hits="60" branch="False" />
                <line number="18" hits="28" branch="False" />
                <line number="19" hits="28" branch="False" />
                <line number="20" hits="35" branch="False" />
                <line number="22" hits="25" branch="False" />
                <line number="23" hits="25" branch="False" />
                <line number="24" hits="25" branch="False" />
                <line number="25" hits="25" branch="False" />
                <line number="26" hits="25" branch="False" />
                <line number="27" hits="25" branch="False" />
                <line number="28" hits="25" branch="False" />
                <line number="29" hits="25" branch="False" />
                <line number="30" hits="25" branch="False" />
                <line number="31" hits="25" branch="False" />
                <line number="32" hits="25" branch="False" />
                <line number="33" hits="25" branch="False" />
                <line number="34" hits="25" branch="False" />
              </lines>
            </method>
          </methods>
          <lines>
            <line number="11" hits="28" branch="False" />
            <line number="12" hits="83" branch="False" />
            <line number="13" hits="28" branch="False" />
            <line number="14" hits="28" branch="False" />
            <line number="15" hits="55" branch="False" />
            <line number="17" hits="60" branch="False" />
            <line number="18" hits="28" branch="False" />
            <line number="19" hits="28" branch="False" />
            <line number="20" hits="35" branch="False" />
            <line number="22" hits="25" branch="False" />
            <line number="23" hits="25" branch="False" />
            <line number="24" hits="25" branch="False" />
            <line number="25" hits="25" branch="False" />
            <line number="26" hits="25" branch="False" />
            <line number="27" hits="25" branch="False" />
            <line number="28" hits="25" branch="False" />
            <line number="29" hits="25" branch="False" />
            <line number="30" hits="25" branch="False" />
            <line number="31" hits="25" branch="False" />
            <line number="32" hits="25" branch="False" />
            <line number="33" hits="25" branch="False" />
            <line number="34" hits="25" branch="False" />
          </lines>
        </class>
      </classes>
    </package>
    <package name="Tools.ContainerRegistration.Microsoft" line-rate="0.7841" branch-rate="0.65" complexity="56">
      <classes>
        <class name="Tools.ContainerRegistration.Microsoft.MicrosoftGenerator" filename="Tools.ContainerRegistration.Microsoft/MicrosoftGenerator.cs" line-rate="0.71" branch-rate="0.6666" complexity="48">
          <methods>
            <method name="get_Name" signature="()" line-rate="1" branch-rate="1" complexity="1">
              <lines>
                <line number="12" hits="74" branch="False" />
              </lines>
            </method>
            <method name="get_ProviderType" signature="()" line-rate="1" branch-rate="1" complexity="1">
              <lines>
                <line number="13" hits="39" branch="False" />
              </lines>
            </method>
            <method name="get_ContainerType" signature="()" line-rate="1" branch-rate="1" complexity="1">
              <lines>
                <line number="14" hits="39" branch="False" />
              </lines>
            </method>
            <method name="get_Namespace" signature="()" line-rate="1" branch-rate="1" complexity="1">
              <lines>
                <line number="15" hits="39" branch="False" />
              </lines>
            </method>
            <method name="GetServiceRegistration" signature="()" line-rate="1" branch-rate="1" complexity="1">
              <lines>
                <line number="17" hits="39" branch="False" />
              </lines>
            </method>
            <method name="GenerateFactoryRegistration" signature="(System.String,System.String,Tools.ContainerRegistration.Common.Models.Scope)" line-rate="0" branch-rate="0" complexity="4">
              <lines>
                <line number="20" hits="0" branch="False" />
                <line number="21" hits="0" branch="True" condition-coverage="0% (0/2)">
                  <conditions>
                    <condition number="7" type="jump" coverage="0%" />
                  </conditions>
                </line>
                <line number="22" hits="0" branch="False" />
                <line number="23" hits="0" branch="True" condition-coverage="0% (0/2)">
                  <conditions>
                    <condition number="73" type="jump" coverage="0%" />
                  </conditions>
                </line>
                <line number="24" hits="0" branch="False" />
                <line number="26" hits="0" branch="False" />
                <line number="27" hits="0" branch="False" />
              </lines>
            </method>
            <method name="GenerateSelf" signature="(System.String,Tools.ContainerRegistration.Common.Models.Scope)" line-rate="1" branch-rate="1" complexity="4">
              <lines>
                <line number="32" hits="43" branch="False" />
                <line number="33" hits="43" branch="True" condition-coverage="100% (2/2)">
                  <conditions>
                    <condition number="7" type="jump" coverage="100%" />
                  </conditions>
                </line>
                <line number="34" hits="8" branch="False" />
                <line number="35" hits="35" branch="True" condition-coverage="100% (2/2)">
                  <conditions>
                    <condition number="25" type="jump" coverage="100%" />
                  </conditions>
                </line>
                <line number="36" hits="4" branch="False" />
                <line number="38" hits="31" branch="False" />
                <line number="39" hits="43" branch="False" />
              </lines>
            </method>
            <method name="GenerateAs" signature="(System.String,System.Boolean)" line-rate="0" branch-rate="0" complexity="2">
              <lines>
                <line number="42" hits="0" branch="False" />
                <line number="43" hits="0" branch="True" condition-coverage="0% (0/2)">
                  <conditions>
                    <condition number="4" type="jump" coverage="0%" />
                  </conditions>
                </line>
                <line number="44" hits="0" branch="False" />
                <line number="46" hits="0" branch="False" />
                <line number="47" hits="0" branch="False" />
              </lines>
            </method>
            <method name="GenerateAs" signature="(System.String,System.String,System.Boolean)" line-rate="0" branch-rate="0" complexity="2">
              <lines>
                <line number="50" hits="0" branch="False" />
                <line number="51" hits="0" branch="True" condition-coverage="0% (0/2)">
                  <conditions>
                    <condition number="4" type="jump" coverage="0%" />
                  </conditions>
                </line>
                <line number="52" hits="0" branch="False" />
                <line number="54" hits="0" branch="False" />
                <line number="55" hits="0" branch="False" />
              </lines>
            </method>
            <method name="GenerateSingleInstance" signature="(System.String)" line-rate="1" branch-rate="1" complexity="1">
              <lines>
                <line number="58" hits="8" branch="False" />
                <line number="59" hits="8" branch="False" />
                <line number="60" hits="8" branch="False" />
              </lines>
            </method>
            <method name="GenerateSingleInstance" signature="(System.String,System.String)" line-rate="0" branch-rate="1" complexity="1">
              <lines>
                <line number="63" hits="0" branch="False" />
                <line number="64" hits="0" branch="False" />
                <line number="65" hits="0" branch="False" />
              </lines>
            </method>
            <method name="GenerateScopedInstance" signature="(System.String)" line-rate="1" branch-rate="1" complexity="1">
              <lines>
                <line number="68" hits="4" branch="False" />
                <line number="69" hits="4" branch="False" />
                <line number="70" hits="4" branch="False" />
              </lines>
            </method>
            <method name="GenerateScopedInstance" signature="(System.String,System.String)" line-rate="1" branch-rate="1" complexity="1">
              <lines>
                <line number="73" hits="2" branch="False" />
                <line number="74" hits="2" branch="False" />
                <line number="75" hits="2" branch="False" />
              </lines>
            </method>
            <method name="GenerateTransientInstance" signature="(System.String)" line-rate="1" branch-rate="1" complexity="1">
              <lines>
                <line number="78" hits="31" branch="False" />
                <line number="79" hits="31" branch="False" />
                <line number="80" hits="31" branch="False" />
              </lines>
            </method>
            <method name="GenerateTransientInstance" signature="(System.String,System.String)" line-rate="1" branch-rate="1" complexity="1">
              <lines>
                <line number="83" hits="12" branch="False" />
                <line number="84" hits="12" branch="False" />
                <line number="85" hits="12" branch="False" />
              </lines>
            </method>
            <method name="GenerateReuseAsSingleton" signature="(System.String,System.String)" line-rate="1" branch-rate="1" complexity="1">
              <lines>
                <line number="88" hits="3" branch="False" />
                <line number="89" hits="3" branch="False" />
                <line number="90" hits="3" branch="False" />
              </lines>
            </method>
            <method name="GenerateAutoActivate" signature="(Tools.ContainerRegistration.Common.Models.ServiceRegistrationEntity)" line-rate="0.875" branch-rate="0.6666" complexity="6">
              <lines>
                <line number="93" hits="46" branch="False" />
                <line number="94" hits="90" branch="True" condition-coverage="100% (2/2)">
                  <conditions>
                    <condition number="12" type="jump" coverage="100%" />
                  </conditions>
                </line>
                <line number="96" hits="2" branch="False" />
                <line number="98" hits="2" branch="True" condition-coverage="50% (2/4)">
                  <conditions>
                    <condition number="30" type="jump" coverage="50%" />
                    <condition number="46" type="jump" coverage="50%" />
                  </conditions>
                </line>
                <line number="99" hits="2" branch="False" />
                <line number="101" hits="0" branch="False" />
                <line number="103" hits="2" branch="False" />
                <line number="104" hits="46" branch="False" />
              </lines>
            </method>
            <method name="Generate" signature="(Tools.ContainerRegistration.Common.Models.ServiceRegistrationEntity)" line-rate="0.8095" branch-rate="0.8887999999999999" complexity="18">
              <lines>
                <line number="107" hits="46" branch="False" />
                <line number="108" hits="46" branch="False" />
                <line number="109" hits="46" branch="False" />
                <line number="110" hits="46" branch="False" />
                <line number="112" hits="46" branch="False" />
                <line number="113" hits="46" branch="False" />
                <line number="115" hits="46" branch="True" condition-coverage="50% (1/2)">
                  <conditions>
                    <condition number="62" type="jump" coverage="50%" />
                  </conditions>
                </line>
                <line number="116" hits="0" branch="False" />
                <line number="117" hits="0" branch="False" />
                <line number="119" hits="0" branch="False" />
                <line number="120" hits="0" branch="False" />
                <line number="121" hits="0" branch="False" />
                <line number="122" hits="0" branch="False" />
                <line number="123" hits="0" branch="False" />
                <line number="124" hits="0" branch="False" />
                <line number="126" hits="172" branch="True" condition-coverage="100% (2/2)">
                  <conditions>
                    <condition number="254" type="jump" coverage="100%" />
                  </conditions>
                </line>
                <line number="127" hits="17" branch="False" />
                <line number="128" hits="17" branch="True" condition-coverage="75% (3/4)">
                  <conditions>
                    <condition number="137" type="jump" coverage="50%" />
                    <condition number="154" type="jump" coverage="100%" />
                  </conditions>
                </line>
                <line number="129" hits="17" branch="False" />
                <line number="131" hits="17" branch="True" condition-coverage="100% (2/2)">
                  <conditions>
                    <condition number="171" type="jump" coverage="100%" />
                  </conditions>
                </line>
                <line number="132" hits="3" branch="False" />
                <line number="133" hits="3" branch="False" />
                <line number="134" hits="3" branch="False" />
                <line number="135" hits="14" branch="True" condition-coverage="100% (2/2)">
                  <conditions>
                    <condition number="206" type="jump" coverage="100%" />
                  </conditions>
                </line>
                <line number="136" hits="2" branch="False" />
                <line number="137" hits="2" branch="False" />
                <line number="138" hits="2" branch="False" />
                <line number="140" hits="12" branch="False" />
                <line number="141" hits="12" branch="False" />
                <line number="142" hits="12" branch="False" />
                <line number="143" hits="17" branch="False" />
                <line number="145" hits="46" branch="True" condition-coverage="100% (4/4)">
                  <conditions>
                    <condition number="282" type="jump" coverage="100%" />
                    <condition number="295" type="jump" coverage="100%" />
                  </conditions>
                </line>
                <line number="146" hits="43" branch="False" />
                <line number="147" hits="43" branch="False" />
                <line number="148" hits="43" branch="False" />
                <line number="150" hits="46" branch="True" condition-coverage="100% (2/2)">
                  <conditions>
                    <condition number="351" type="jump" coverage="100%" />
                  </conditions>
                </line>
                <line number="151" hits="46" branch="False" />
                <line number="152" hits="46" branch="False" />
                <line number="153" hits="46" branch="False" />
                <line number="154" hits="46" branch="False" />
                <line number="155" hits="46" branch="False" />
                <line number="156" hits="46" branch="False" />
              </lines>
            </method>
          </methods>
          <lines>
            <line number="12" hits="74" branch="False" />
            <line number="13" hits="39" branch="False" />
            <line number="14" hits="39" branch="False" />
            <line number="15" hits="39" branch="False" />
            <line number="17" hits="39" branch="False" />
            <line number="20" hits="0" branch="False" />
            <line number="21" hits="0" branch="True" condition-coverage="0% (0/2)">
              <conditions>
                <condition number="7" type="jump" coverage="0%" />
              </conditions>
            </line>
            <line number="22" hits="0" branch="False" />
            <line number="23" hits="0" branch="True" condition-coverage="0% (0/2)">
              <conditions>
                <condition number="73" type="jump" coverage="0%" />
              </conditions>
            </line>
            <line number="24" hits="0" branch="False" />
            <line number="26" hits="0" branch="False" />
            <line number="27" hits="0" branch="False" />
            <line number="32" hits="43" branch="False" />
            <line number="33" hits="43" branch="True" condition-coverage="100% (2/2)">
              <conditions>
                <condition number="7" type="jump" coverage="100%" />
              </conditions>
            </line>
            <line number="34" hits="8" branch="False" />
            <line number="35" hits="35" branch="True" condition-coverage="100% (2/2)">
              <conditions>
                <condition number="25" type="jump" coverage="100%" />
              </conditions>
            </line>
            <line number="36" hits="4" branch="False" />
            <line number="38" hits="31" branch="False" />
            <line number="39" hits="43" branch="False" />
            <line number="42" hits="0" branch="False" />
            <line number="43" hits="0" branch="True" condition-coverage="0% (0/2)">
              <conditions>
                <condition number="4" type="jump" coverage="0%" />
              </conditions>
            </line>
            <line number="44" hits="0" branch="False" />
            <line number="46" hits="0" branch="False" />
            <line number="47" hits="0" branch="False" />
            <line number="50" hits="0" branch="False" />
            <line number="51" hits="0" branch="True" condition-coverage="0% (0/2)">
              <conditions>
                <condition number="4" type="jump" coverage="0%" />
              </conditions>
            </line>
            <line number="52" hits="0" branch="False" />
            <line number="54" hits="0" branch="False" />
            <line number="55" hits="0" branch="False" />
            <line number="58" hits="8" branch="False" />
            <line number="59" hits="8" branch="False" />
            <line number="60" hits="8" branch="False" />
            <line number="63" hits="0" branch="False" />
            <line number="64" hits="0" branch="False" />
            <line number="65" hits="0" branch="False" />
            <line number="68" hits="4" branch="False" />
            <line number="69" hits="4" branch="False" />
            <line number="70" hits="4" branch="False" />
            <line number="73" hits="2" branch="False" />
            <line number="74" hits="2" branch="False" />
            <line number="75" hits="2" branch="False" />
            <line number="78" hits="31" branch="False" />
            <line number="79" hits="31" branch="False" />
            <line number="80" hits="31" branch="False" />
            <line number="83" hits="12" branch="False" />
            <line number="84" hits="12" branch="False" />
            <line number="85" hits="12" branch="False" />
            <line number="88" hits="3" branch="False" />
            <line number="89" hits="3" branch="False" />
            <line number="90" hits="3" branch="False" />
            <line number="93" hits="46" branch="False" />
            <line number="94" hits="90" branch="True" condition-coverage="100% (2/2)">
              <conditions>
                <condition number="12" type="jump" coverage="100%" />
              </conditions>
            </line>
            <line number="96" hits="2" branch="False" />
            <line number="98" hits="2" branch="True" condition-coverage="50% (2/4)">
              <conditions>
                <condition number="30" type="jump" coverage="50%" />
                <condition number="46" type="jump" coverage="50%" />
              </conditions>
            </line>
            <line number="99" hits="2" branch="False" />
            <line number="101" hits="0" branch="False" />
            <line number="103" hits="2" branch="False" />
            <line number="104" hits="46" branch="False" />
            <line number="107" hits="46" branch="False" />
            <line number="108" hits="46" branch="False" />
            <line number="109" hits="46" branch="False" />
            <line number="110" hits="46" branch="False" />
            <line number="112" hits="46" branch="False" />
            <line number="113" hits="46" branch="False" />
            <line number="115" hits="46" branch="True" condition-coverage="50% (1/2)">
              <conditions>
                <condition number="62" type="jump" coverage="50%" />
              </conditions>
            </line>
            <line number="116" hits="0" branch="False" />
            <line number="117" hits="0" branch="False" />
            <line number="119" hits="0" branch="False" />
            <line number="120" hits="0" branch="False" />
            <line number="121" hits="0" branch="False" />
            <line number="122" hits="0" branch="False" />
            <line number="123" hits="0" branch="False" />
            <line number="124" hits="0" branch="False" />
            <line number="126" hits="172" branch="True" condition-coverage="100% (2/2)">
              <conditions>
                <condition number="254" type="jump" coverage="100%" />
              </conditions>
            </line>
            <line number="127" hits="17" branch="False" />
            <line number="128" hits="17" branch="True" condition-coverage="75% (3/4)">
              <conditions>
                <condition number="137" type="jump" coverage="50%" />
                <condition number="154" type="jump" coverage="100%" />
              </conditions>
            </line>
            <line number="129" hits="17" branch="False" />
            <line number="131" hits="17" branch="True" condition-coverage="100% (2/2)">
              <conditions>
                <condition number="171" type="jump" coverage="100%" />
              </conditions>
            </line>
            <line number="132" hits="3" branch="False" />
            <line number="133" hits="3" branch="False" />
            <line number="134" hits="3" branch="False" />
            <line number="135" hits="14" branch="True" condition-coverage="100% (2/2)">
              <conditions>
                <condition number="206" type="jump" coverage="100%" />
              </conditions>
            </line>
            <line number="136" hits="2" branch="False" />
            <line number="137" hits="2" branch="False" />
            <line number="138" hits="2" branch="False" />
            <line number="140" hits="12" branch="False" />
            <line number="141" hits="12" branch="False" />
            <line number="142" hits="12" branch="False" />
            <line number="143" hits="17" branch="False" />
            <line number="145" hits="46" branch="True" condition-coverage="100% (4/4)">
              <conditions>
                <condition number="282" type="jump" coverage="100%" />
                <condition number="295" type="jump" coverage="100%" />
              </conditions>
            </line>
            <line number="146" hits="43" branch="False" />
            <line number="147" hits="43" branch="False" />
            <line number="148" hits="43" branch="False" />
            <line number="150" hits="46" branch="True" condition-coverage="100% (2/2)">
              <conditions>
                <condition number="351" type="jump" coverage="100%" />
              </conditions>
            </line>
            <line number="151" hits="46" branch="False" />
            <line number="152" hits="46" branch="False" />
            <line number="153" hits="46" branch="False" />
            <line number="154" hits="46" branch="False" />
            <line number="155" hits="46" branch="False" />
            <line number="156" hits="46" branch="False" />
          </lines>
        </class>
        <class name="Tools.ContainerRegistration.Microsoft.MicrosoftServiceRegistration" filename="Tools.ContainerRegistration.Microsoft/MicrosoftServiceRegistration.cs" line-rate="0.75" branch-rate="1" complexity="2">
          <methods>
            <method name="get_FireAfterContainerBuilt" signature="()" line-rate="0" branch-rate="1" complexity="1">
              <lines>
                <line number="9" hits="0" branch="False" />
              </lines>
            </method>
            <method name="Build" signature="(Tools.ContainerRegistration.Common.Generators.Interfaces.IGenerator)" line-rate="1" branch-rate="1" complexity="1">
              <lines>
                <line number="12" hits="39" branch="False" />
                <line number="13" hits="39" branch="False" />
                <line number="14" hits="35" branch="False" />
              </lines>
            </method>
          </methods>
          <lines>
            <line number="9" hits="0" branch="False" />
            <line number="12" hits="39" branch="False" />
            <line number="13" hits="39" branch="False" />
            <line number="14" hits="35" branch="False" />
          </lines>
        </class>
        <class name="Tools.ContainerRegistration.Microsoft.MicrosoftServiceRegistrationGenerator" filename="Tools.ContainerRegistration.Microsoft/MicrosoftServiceRegistrationGenerator.cs" line-rate="1" branch-rate="1" complexity="1">
          <methods>
            <method name="get_Generator" signature="()" line-rate="1" branch-rate="1" complexity="1">
              <lines>
                <line number="11" hits="269" branch="False" />
              </lines>
            </method>
          </methods>
          <lines>
            <line number="11" hits="269" branch="False" />
          </lines>
        </class>
        <class name="Tools.ContainerRegistration.Microsoft.MicrosoftServiceRegistrationTemplate" filename="Tools.ContainerRegistration.Microsoft/MicrosoftServiceRegistrationTemplate.cs" line-rate="1" branch-rate="0.5" complexity="4">
          <methods>
            <method name="GenerateServiceRegistration" signature="(Tools.ContainerRegistration.Microsoft.MicrosoftGenerator,Tools.ContainerRegistration.Microsoft.MicrosoftServiceRegistration)" line-rate="1" branch-rate="0.5" complexity="4">
              <lines>
                <line number="13" hits="39" branch="False" />
                <line number="14" hits="116" branch="False" />
                <line number="15" hits="39" branch="False" />
                <line number="16" hits="39" branch="False" />
                <line number="17" hits="77" branch="False" />
                <line number="19" hits="39" branch="False" />
                <line number="21" hits="85" branch="False" />
                <line number="22" hits="39" branch="False" />
                <line number="23" hits="39" branch="False" />
                <line number="24" hits="50" branch="False" />
                <line number="26" hits="81" branch="True" condition-coverage="50% (1/2)">
                  <conditions>
                    <condition number="227" type="jump" coverage="50%" />
                  </conditions>
                </line>
                <line number="27" hits="35" branch="False" />
                <line number="28" hits="35" branch="False" />
                <line number="29" hits="46" branch="False" />
                <line number="31" hits="35" branch="False" />
                <line number="32" hits="35" branch="False" />
                <line number="33" hits="35" branch="False" />
                <line number="34" hits="35" branch="False" />
                <line number="35" hits="35" branch="False" />
                <line number="36" hits="35" branch="False" />
                <line number="37" hits="35" branch="False" />
                <line number="38" hits="35" branch="False" />
                <line number="39" hits="35" branch="False" />
                <line number="40" hits="35" branch="False" />
                <line number="41" hits="35" branch="False" />
                <line number="42" hits="35" branch="False" />
                <line number="43" hits="35" branch="False" />
                <line number="44" hits="35" branch="False" />
                <line number="45" hits="35" branch="False" />
                <line number="46" hits="35" branch="False" />
                <line number="47" hits="35" branch="False" />
                <line number="49" hits="35" branch="True" condition-coverage="50% (1/2)">
                  <conditions>
                    <condition number="405" type="jump" coverage="50%" />
                  </conditions>
                </line>
                <line number="50" hits="35" branch="False" />
              </lines>
            </method>
          </methods>
          <lines>
            <line number="13" hits="39" branch="False" />
            <line number="14" hits="116" branch="False" />
            <line number="15" hits="39" branch="False" />
            <line number="16" hits="39" branch="False" />
            <line number="17" hits="77" branch="False" />
            <line number="19" hits="39" branch="False" />
            <line number="21" hits="85" branch="False" />
            <line number="22" hits="39" branch="False" />
            <line number="23" hits="39" branch="False" />
            <line number="24" hits="50" branch="False" />
            <line number="26" hits="81" branch="True" condition-coverage="50% (1/2)">
              <conditions>
                <condition number="227" type="jump" coverage="50%" />
              </conditions>
            </line>
            <line number="27" hits="35" branch="False" />
            <line number="28" hits="35" branch="False" />
            <line number="29" hits="46" branch="False" />
            <line number="31" hits="35" branch="False" />
            <line number="32" hits="35" branch="False" />
            <line number="33" hits="35" branch="False" />
            <line number="34" hits="35" branch="False" />
            <line number="35" hits="35" branch="False" />
            <line number="36" hits="35" branch="False" />
            <line number="37" hits="35" branch="False" />
            <line number="38" hits="35" branch="False" />
            <line number="39" hits="35" branch="False" />
            <line number="40" hits="35" branch="False" />
            <line number="41" hits="35" branch="False" />
            <line number="42" hits="35" branch="False" />
            <line number="43" hits="35" branch="False" />
            <line number="44" hits="35" branch="False" />
            <line number="45" hits="35" branch="False" />
            <line number="46" hits="35" branch="False" />
            <line number="47" hits="35" branch="False" />
            <line number="49" hits="35" branch="True" condition-coverage="50% (1/2)">
              <conditions>
                <condition number="405" type="jump" coverage="50%" />
              </conditions>
            </line>
            <line number="50" hits="35" branch="False" />
          </lines>
        </class>
        <class name="Tools.ContainerRegistration.Microsoft.Models.MicrosoftGeneratedServiceRegistrationEntity" filename="Tools.ContainerRegistration.Microsoft/Models/MicrosoftGeneratedServiceRegistrationEntity.cs" line-rate="1" branch-rate="1" complexity="1">
          <methods>
            <method name="get_AutoActivate" signature="()" line-rate="1" branch-rate="1" complexity="1">
              <lines>
                <line number="7" hits="92" branch="False" />
              </lines>
            </method>
          </methods>
          <lines>
            <line number="7" hits="92" branch="False" />
          </lines>
        </class>
      </classes>
    </package>
    <package name="Tools.ContainerRegistration.Common" line-rate="0.9281999999999999" branch-rate="0.7807" complexity="147">
      <classes>
        <class name="Tools.ContainerRegistration.Common.GlobalSettings" filename="Tools.ContainerRegistration.Common/GlobalSettings.cs" line-rate="1" branch-rate="0.6818000000000001" complexity="29">
          <methods>
            <method name="get_RegisterInterfacesOnlyFromThatAssemblies" signature="()" line-rate="1" branch-rate="1" complexity="1">
              <lines>
                <line number="25" hits="173" branch="False" />
              </lines>
            </method>
            <method name="get_ExcludedFromRegisteringMatching" signature="()" line-rate="1" branch-rate="1" complexity="1">
              <lines>
                <line number="26" hits="280" branch="False" />
              </lines>
            </method>
            <method name="get_RegisterTypesMatching" signature="()" line-rate="1" branch-rate="1" complexity="1">
              <lines>
                <line number="27" hits="298" branch="False" />
              </lines>
            </method>
            <method name="get_RegisterAsSelf" signature="()" line-rate="1" branch-rate="1" complexity="1">
              <lines>
                <line number="28" hits="224" branch="False" />
              </lines>
            </method>
            <method name="get_RegisterAsAllInheritedTypes" signature="()" line-rate="1" branch-rate="1" complexity="1">
              <lines>
                <line number="29" hits="216" branch="False" />
              </lines>
            </method>
            <method name="get_RegisterAsDirectlyInheritedTypes" signature="()" line-rate="1" branch-rate="1" complexity="1">
              <lines>
                <line number="30" hits="143" branch="False" />
              </lines>
            </method>
            <method name="LoadSettings" signature="(Microsoft.CodeAnalysis.GeneratorExecutionContext)" line-rate="1" branch-rate="0.6818000000000001" complexity="22">
              <lines>
                <line number="33" hits="81" branch="False" />
                <line number="34" hits="81" branch="False" />
                <line number="36" hits="139" branch="False" />
                <line number="37" hits="81" branch="True" condition-coverage="100% (2/2)">
                  <conditions>
                    <condition number="57" type="jump" coverage="100%" />
                  </conditions>
                </line>
                <line number="38" hits="57" branch="False" />
                <line number="39" hits="57" branch="True" condition-coverage="50% (1/2)">
                  <conditions>
                    <condition number="77" type="jump" coverage="50%" />
                  </conditions>
                </line>
                <line number="40" hits="57" branch="False" />
                <line number="41" hits="57" branch="True" condition-coverage="75% (3/4)">
                  <conditions>
                    <condition number="101" type="jump" coverage="50%" />
                    <condition number="114" type="jump" coverage="100%" />
                  </conditions>
                </line>
                <line number="42" hits="57" branch="True" condition-coverage="75% (3/4)">
                  <conditions>
                    <condition number="131" type="jump" coverage="50%" />
                    <condition number="144" type="jump" coverage="100%" />
                  </conditions>
                </line>
                <line number="43" hits="57" branch="True" condition-coverage="50% (1/2)">
                  <conditions>
                    <condition number="161" type="jump" coverage="50%" />
                  </conditions>
                </line>
                <line number="44" hits="57" branch="True" condition-coverage="50% (1/2)">
                  <conditions>
                    <condition number="201" type="jump" coverage="50%" />
                  </conditions>
                </line>
                <line number="45" hits="57" branch="True" condition-coverage="50% (1/2)">
                  <conditions>
                    <condition number="241" type="jump" coverage="50%" />
                  </conditions>
                </line>
                <line number="46" hits="57" branch="True" condition-coverage="75% (3/4)">
                  <conditions>
                    <condition number="281" type="jump" coverage="50%" />
                    <condition number="294" type="jump" coverage="100%" />
                  </conditions>
                </line>
                <line number="47" hits="57" branch="False" />
                <line number="49" hits="81" branch="False" />
                <line number="50" hits="81" branch="False" />
              </lines>
            </method>
            <method name=".cctor" signature="()" line-rate="1" branch-rate="1" complexity="1">
              <lines>
                <line number="19" hits="1" branch="False" />
                <line number="20" hits="1" branch="False" />
                <line number="21" hits="1" branch="False" />
                <line number="22" hits="1" branch="False" />
                <line number="23" hits="1" branch="False" />
              </lines>
            </method>
          </methods>
          <lines>
            <line number="25" hits="173" branch="False" />
            <line number="26" hits="280" branch="False" />
            <line number="27" hits="298" branch="False" />
            <line number="28" hits="224" branch="False" />
            <line number="29" hits="216" branch="False" />
            <line number="30" hits="143" branch="False" />
            <line number="33" hits="81" branch="False" />
            <line number="34" hits="81" branch="False" />
            <line number="36" hits="139" branch="False" />
            <line number="37" hits="81" branch="True" condition-coverage="100% (2/2)">
              <conditions>
                <condition number="57" type="jump" coverage="100%" />
              </conditions>
            </line>
            <line number="38" hits="57" branch="False" />
            <line number="39" hits="57" branch="True" condition-coverage="50% (1/2)">
              <conditions>
                <condition number="77" type="jump" coverage="50%" />
              </conditions>
            </line>
            <line number="40" hits="57" branch="False" />
            <line number="41" hits="57" branch="True" condition-coverage="75% (3/4)">
              <conditions>
                <condition number="101" type="jump" coverage="50%" />
                <condition number="114" type="jump" coverage="100%" />
              </conditions>
            </line>
            <line number="42" hits="57" branch="True" condition-coverage="75% (3/4)">
              <conditions>
                <condition number="131" type="jump" coverage="50%" />
                <condition number="144" type="jump" coverage="100%" />
              </conditions>
            </line>
            <line number="43" hits="57" branch="True" condition-coverage="50% (1/2)">
              <conditions>
                <condition number="161" type="jump" coverage="50%" />
              </conditions>
            </line>
            <line number="44" hits="57" branch="True" condition-coverage="50% (1/2)">
              <conditions>
                <condition number="201" type="jump" coverage="50%" />
              </conditions>
            </line>
            <line number="45" hits="57" branch="True" condition-coverage="50% (1/2)">
              <conditions>
                <condition number="241" type="jump" coverage="50%" />
              </conditions>
            </line>
            <line number="46" hits="57" branch="True" condition-coverage="75% (3/4)">
              <conditions>
                <condition number="281" type="jump" coverage="50%" />
                <condition number="294" type="jump" coverage="100%" />
              </conditions>
            </line>
            <line number="47" hits="57" branch="False" />
            <line number="49" hits="81" branch="False" />
            <line number="50" hits="81" branch="False" />
            <line number="19" hits="1" branch="False" />
            <line number="20" hits="1" branch="False" />
            <line number="21" hits="1" branch="False" />
            <line number="22" hits="1" branch="False" />
            <line number="23" hits="1" branch="False" />
          </lines>
        </class>
        <class name="Tools.ContainerRegistration.Common.ServiceRegistrationGenerator" filename="Tools.ContainerRegistration.Common/ServiceRegistrationGenerator.cs" line-rate="0.9434999999999999" branch-rate="0.8111" complexity="94">
          <methods>
            <method name="Initialize" signature="(Microsoft.CodeAnalysis.GeneratorInitializationContext)" line-rate="1" branch-rate="1" complexity="1">
              <lines>
                <line number="18" hits="67" branch="False" />
                <line number="19" hits="67" branch="False" />
              </lines>
            </method>
            <method name="Execute" signature="(Microsoft.CodeAnalysis.GeneratorExecutionContext)" line-rate="1" branch-rate="1" complexity="1">
              <lines>
                <line number="22" hits="67" branch="False" />
                <line number="23" hits="67" branch="False" />
                <line number="25" hits="67" branch="False" />
                <line number="27" hits="67" branch="False" />
                <line number="29" hits="60" branch="False" />
                <line number="30" hits="60" branch="False" />
              </lines>
            </method>
            <method name="DiscoverTypesForRegistration" signature="(Microsoft.CodeAnalysis.Compilation,Tools.ContainerRegistration.Common.GlobalSettings)" line-rate="0.9259000000000001" branch-rate="1" complexity="14">
              <lines>
                <line number="33" hits="67" branch="False" />
                <line number="34" hits="67" branch="False" />
                <line number="65" hits="335" branch="True" condition-coverage="100% (2/2)">
                  <conditions>
                    <condition number="337" type="jump" coverage="100%" />
                  </conditions>
                </line>
                <line number="66" hits="67" branch="False" />
                <line number="67" hits="67" branch="False" />
                <line number="68" hits="67" branch="False" />
                <line number="69" hits="67" branch="False" />
                <line number="70" hits="67" branch="False" />
                <line number="72" hits="401" branch="True" condition-coverage="100% (2/2)">
                  <conditions>
                    <condition number="201" type="jump" coverage="100%" />
                  </conditions>
                </line>
                <line number="73" hits="100" branch="False" />
                <line number="74" hits="100" branch="False" />
                <line number="75" hits="100" branch="True" condition-coverage="100% (2/2)">
                  <conditions>
                    <condition number="165" type="jump" coverage="100%" />
                  </conditions>
                </line>
                <line number="76" hits="0" branch="False" />
                <line number="78" hits="100" branch="True" condition-coverage="100% (2/2)">
                  <conditions>
                    <condition number="182" type="jump" coverage="100%" />
                  </conditions>
                </line>
                <line number="79" hits="80" branch="False" />
                <line number="80" hits="100" branch="False" />
                <line number="82" hits="283" branch="True" condition-coverage="100% (2/2)">
                  <conditions>
                    <condition number="311" type="jump" coverage="100%" />
                  </conditions>
                </line>
                <line number="83" hits="41" branch="False" />
                <line number="84" hits="41" branch="False" />
                <line number="85" hits="41" branch="True" condition-coverage="100% (2/2)">
                  <conditions>
                    <condition number="275" type="jump" coverage="100%" />
                  </conditions>
                </line>
                <line number="86" hits="0" branch="False" />
                <line number="88" hits="41" branch="True" condition-coverage="100% (2/2)">
                  <conditions>
                    <condition number="292" type="jump" coverage="100%" />
                  </conditions>
                </line>
                <line number="89" hits="14" branch="False" />
                <line number="90" hits="41" branch="False" />
                <line number="91" hits="67" branch="False" />
                <line number="92" hits="67" branch="False" />
                <line number="93" hits="67" branch="False" />
              </lines>
            </method>
            <method name="GenerateServiceRegistrationCode" signature="(System.String,System.Collections.Generic.List`1&lt;Microsoft.CodeAnalysis.INamedTypeSymbol&gt;,Tools.ContainerRegistration.Common.GlobalSettings)" line-rate="1" branch-rate="0.875" complexity="8">
              <lines>
                <line number="99" hits="67" branch="False" />
                <line number="100" hits="67" branch="False" />
                <line number="102" hits="67" branch="False" />
                <line number="103" hits="67" branch="False" />
                <line number="104" hits="67" branch="False" />
                <line number="105" hits="67" branch="False" />
                <line number="106" hits="67" branch="False" />
                <line number="107" hits="67" branch="False" />
                <line number="108" hits="67" branch="False" />
                <line number="110" hits="389" branch="True" condition-coverage="100% (2/2)">
                  <conditions>
                    <condition number="274" type="jump" coverage="100%" />
                  </conditions>
                </line>
                <line number="111" hits="94" branch="False" />
                <line number="112" hits="94" branch="False" />
                <line number="114" hits="94" branch="False" />
                <line number="115" hits="94" branch="False" />
                <line number="116" hits="94" branch="False" />
                <line number="118" hits="110" branch="True" condition-coverage="75% (3/4)">
                  <conditions>
                    <condition number="169" type="jump" coverage="50%" />
                    <condition number="186" type="jump" coverage="100%" />
                  </conditions>
                </line>
                <line number="119" hits="78" branch="True" condition-coverage="100% (2/2)">
                  <conditions>
                    <condition number="202" type="jump" coverage="100%" />
                  </conditions>
                </line>
                <line number="121" hits="78" branch="False" />
                <line number="122" hits="78" branch="False" />
                <line number="123" hits="78" branch="False" />
                <line number="124" hits="78" branch="False" />
                <line number="126" hits="78" branch="False" />
                <line number="127" hits="78" branch="False" />
                <line number="129" hits="67" branch="False" />
                <line number="130" hits="60" branch="False" />
                <line number="131" hits="60" branch="False" />
              </lines>
            </method>
            <method name="GenerateForSingleton" signature="(Microsoft.CodeAnalysis.INamedTypeSymbol,Tools.ContainerRegistration.Common.Models.ServiceRegistrationEntity)" line-rate="1" branch-rate="0.8332999999999999" complexity="6">
              <lines>
                <line number="136" hits="78" branch="False" />
                <line number="137" hits="100" branch="True" condition-coverage="50% (1/2)">
                  <conditions>
                    <condition number="7" type="jump" coverage="50%" />
                  </conditions>
                </line>
                <line number="138" hits="78" branch="True" condition-coverage="100% (2/2)">
                  <conditions>
                    <condition number="50" type="jump" coverage="100%" />
                  </conditions>
                </line>
                <line number="139" hits="13" branch="False" />
                <line number="140" hits="13" branch="False" />
                <line number="141" hits="26" branch="True" condition-coverage="100% (2/2)">
                  <conditions>
                    <condition number="105" type="jump" coverage="100%" />
                  </conditions>
                </line>
                <line number="142" hits="3" branch="False" />
                <line number="143" hits="3" branch="False" />
                <line number="144" hits="3" branch="False" />
                <line number="145" hits="13" branch="False" />
                <line number="146" hits="78" branch="False" />
              </lines>
            </method>
            <method name="GenerateForScoped" signature="(Microsoft.CodeAnalysis.INamedTypeSymbol,Tools.ContainerRegistration.Common.Models.ServiceRegistrationEntity)" line-rate="1" branch-rate="0.75" complexity="4">
              <lines>
                <line number="151" hits="78" branch="False" />
                <line number="152" hits="102" branch="True" condition-coverage="50% (1/2)">
                  <conditions>
                    <condition number="7" type="jump" coverage="50%" />
                  </conditions>
                </line>
                <line number="153" hits="78" branch="True" condition-coverage="100% (2/2)">
                  <conditions>
                    <condition number="50" type="jump" coverage="100%" />
                  </conditions>
                </line>
                <line number="154" hits="7" branch="False" />
                <line number="155" hits="7" branch="False" />
                <line number="156" hits="7" branch="False" />
                <line number="157" hits="78" branch="False" />
              </lines>
            </method>
            <method name="CheckIfAbstract" signature="(Microsoft.CodeAnalysis.INamedTypeSymbol)" line-rate="1" branch-rate="1" complexity="1">
              <lines>
                <line number="160" hits="94" branch="False" />
                <line number="161" hits="94" branch="False" />
                <line number="162" hits="94" branch="False" />
              </lines>
            </method>
            <method name="CheckIfManual" signature="(Microsoft.CodeAnalysis.INamedTypeSymbol)" line-rate="1" branch-rate="0.5" complexity="2">
              <lines>
                <line number="165" hits="78" branch="False" />
                <line number="166" hits="102" branch="True" condition-coverage="50% (1/2)">
                  <conditions>
                    <condition number="7" type="jump" coverage="50%" />
                  </conditions>
                </line>
                <line number="167" hits="78" branch="False" />
              </lines>
            </method>
            <method name="GenerateForServiceRegistration" signature="(Microsoft.CodeAnalysis.INamedTypeSymbol,Tools.ContainerRegistration.Common.Models.ServiceRegistrationEntity,Tools.ContainerRegistration.Common.GlobalSettings)" line-rate="1" branch-rate="0.9" complexity="10">
              <lines>
                <line number="173" hits="78" branch="False" />
                <line number="174" hits="102" branch="True" condition-coverage="50% (1/2)">
                  <conditions>
                    <condition number="7" type="jump" coverage="50%" />
                  </conditions>
                </line>
                <line number="175" hits="78" branch="True" condition-coverage="100% (2/2)">
                  <conditions>
                    <condition number="63" type="jump" coverage="100%" />
                  </conditions>
                </line>
                <line number="176" hits="4" branch="False" />
                <line number="177" hits="4" branch="False" />
                <line number="179" hits="24" branch="True" condition-coverage="100% (2/2)">
                  <conditions>
                    <condition number="150" type="jump" coverage="100%" />
                  </conditions>
                </line>
                <line number="180" hits="6" branch="False" />
                <line number="181" hits="6" branch="False" />
                <line number="182" hits="6" branch="False" />
                <line number="183" hits="6" branch="False" />
                <line number="184" hits="4" branch="False" />
                <line number="186" hits="74" branch="False" />
                <line number="187" hits="74" branch="True" condition-coverage="100% (2/2)">
                  <conditions>
                    <condition number="174" type="jump" coverage="100%" />
                  </conditions>
                </line>
                <line number="188" hits="72" branch="False" />
                <line number="190" hits="72" branch="False" />
                <line number="191" hits="72" branch="False" />
                <line number="192" hits="72" branch="False" />
                <line number="193" hits="26" branch="False" />
                <line number="194" hits="72" branch="False" />
                <line number="195" hits="72" branch="False" />
                <line number="196" hits="2" branch="True" condition-coverage="100% (2/2)">
                  <conditions>
                    <condition number="266" type="jump" coverage="100%" />
                  </conditions>
                </line>
                <line number="197" hits="2" branch="False" />
                <line number="199" hits="2" branch="False" />
                <line number="200" hits="2" branch="False" />
                <line number="201" hits="2" branch="False" />
                <line number="202" hits="2" branch="False" />
                <line number="203" hits="2" branch="False" />
                <line number="204" hits="2" branch="False" />
                <line number="212" hits="74" branch="False" />
                <line number="213" hits="78" branch="False" />
              </lines>
            </method>
            <method name="GenerateForSelf" signature="(Microsoft.CodeAnalysis.INamedTypeSymbol,Tools.ContainerRegistration.Common.Models.ServiceRegistrationEntity,Tools.ContainerRegistration.Common.GlobalSettings)" line-rate="1" branch-rate="1" complexity="2">
              <lines>
                <line number="219" hits="78" branch="False" />
                <line number="220" hits="78" branch="True" condition-coverage="100% (2/2)">
                  <conditions>
                    <condition number="9" type="jump" coverage="100%" />
                  </conditions>
                </line>
                <line number="221" hits="72" branch="False" />
                <line number="222" hits="78" branch="False" />
              </lines>
            </method>
            <method name="GenerateForFactory" signature="(Microsoft.CodeAnalysis.INamedTypeSymbol,Tools.ContainerRegistration.Common.Models.ServiceRegistrationEntity)" line-rate="0.4285" branch-rate="0.3333" complexity="6">
              <lines>
                <line number="225" hits="94" branch="False" />
                <line number="226" hits="94" branch="False" />
                <line number="227" hits="118" branch="True" condition-coverage="50% (1/2)">
                  <conditions>
                    <condition number="7" type="jump" coverage="50%" />
                  </conditions>
                </line>
                <line number="229" hits="94" branch="True" condition-coverage="50% (1/2)">
                  <conditions>
                    <condition number="50" type="jump" coverage="50%" />
                  </conditions>
                </line>
                <line number="230" hits="0" branch="False" />
                <line number="231" hits="0" branch="False" />
                <line number="232" hits="0" branch="True" condition-coverage="0% (0/2)">
                  <conditions>
                    <condition number="96" type="jump" coverage="0%" />
                  </conditions>
                </line>
                <line number="233" hits="0" branch="False" />
                <line number="234" hits="0" branch="False" />
                <line number="235" hits="0" branch="False" />
                <line number="236" hits="0" branch="False" />
                <line number="238" hits="0" branch="False" />
                <line number="240" hits="94" branch="False" />
                <line number="241" hits="94" branch="False" />
              </lines>
            </method>
            <method name="CollectRequiredNamespaces" signature="(System.Collections.Generic.IEnumerable`1&lt;Microsoft.CodeAnalysis.INamedTypeSymbol&gt;)" line-rate="1" branch-rate="0.7777" complexity="18">
              <lines>
                <line number="244" hits="67" branch="False" />
                <line number="245" hits="67" branch="False" />
                <line number="247" hits="389" branch="True" condition-coverage="100% (2/2)">
                  <conditions>
                    <condition number="279" type="jump" coverage="100%" />
                  </conditions>
                </line>
                <line number="248" hits="94" branch="False" />
                <line number="250" hits="94" branch="True" condition-coverage="75% (3/4)">
                  <conditions>
                    <condition number="35" type="jump" coverage="50%" />
                    <condition number="58" type="jump" coverage="100%" />
                  </conditions>
                </line>
                <line number="251" hits="94" branch="False" />
                <line number="252" hits="94" branch="False" />
                <line number="253" hits="94" branch="False" />
                <line number="256" hits="94" branch="False" />
                <line number="257" hits="118" branch="True" condition-coverage="50% (1/2)">
                  <conditions>
                    <condition number="7" type="jump" coverage="50%" />
                  </conditions>
                </line>
                <line number="259" hits="94" branch="True" condition-coverage="100% (2/2)">
                  <conditions>
                    <condition number="131" type="jump" coverage="100%" />
                  </conditions>
                </line>
                <line number="260" hits="4" branch="False" />
                <line number="261" hits="4" branch="False" />
                <line number="263" hits="24" branch="True" condition-coverage="100% (2/2)">
                  <conditions>
                    <condition number="269" type="jump" coverage="100%" />
                  </conditions>
                </line>
                <line number="264" hits="6" branch="False" />
                <line number="265" hits="6" branch="False" />
                <line number="266" hits="6" branch="True" condition-coverage="66.66% (4/6)">
                  <conditions>
                    <condition number="202" type="jump" coverage="50%" />
                    <condition number="212" type="jump" coverage="50%" />
                    <condition number="238" type="jump" coverage="100%" />
                  </conditions>
                </line>
                <line number="267" hits="6" branch="False" />
                <line number="268" hits="6" branch="False" />
                <line number="269" hits="6" branch="False" />
                <line number="270" hits="6" branch="False" />
                <line number="271" hits="4" branch="False" />
                <line number="272" hits="94" branch="False" />
                <line number="274" hits="67" branch="False" />
                <line number="275" hits="67" branch="False" />
              </lines>
            </method>
            <method name="&lt;DiscoverTypesForRegistration&gt;g__MatchesPattern|4_0" signature="(System.String,System.String)" line-rate="1" branch-rate="1" complexity="1">
              <lines>
                <line number="37" hits="309" branch="False" />
                <line number="38" hits="309" branch="False" />
                <line number="39" hits="309" branch="False" />
                <line number="40" hits="309" branch="False" />
              </lines>
            </method>
            <method name="&lt;DiscoverTypesForRegistration&gt;g__ShouldRegisterType|4_1" signature="(Microsoft.CodeAnalysis.INamedTypeSymbol,Tools.ContainerRegistration.Common.ServiceRegistrationGenerator/&lt;&gt;c__DisplayClass4_0&amp;)" line-rate="1" branch-rate="0.8" complexity="20">
              <lines>
                <line number="43" hits="141" branch="False" />
                <line number="44" hits="143" branch="True" condition-coverage="100% (2/2)">
                  <conditions>
                    <condition number="29" type="jump" coverage="100%" />
                  </conditions>
                </line>
                <line number="46" hits="139" branch="False" />
                <line number="47" hits="165" branch="True" condition-coverage="50% (1/2)">
                  <conditions>
                    <condition number="7" type="jump" coverage="50%" />
                  </conditions>
                </line>
                <line number="48" hits="141" branch="True" condition-coverage="100% (2/2)">
                  <conditions>
                    <condition number="92" type="jump" coverage="100%" />
                  </conditions>
                </line>
                <line number="50" hits="137" branch="False" />
                <line number="51" hits="428" branch="False" />
                <line number="54" hits="137" branch="False" />
                <line number="55" hits="155" branch="False" />
                <line number="57" hits="137" branch="False" />
                <line number="58" hits="159" branch="True" condition-coverage="70% (7/10)">
                  <conditions>
                    <condition number="7" type="jump" coverage="50%" />
                    <condition number="28" type="jump" coverage="100%" />
                    <condition number="37" type="jump" coverage="50%" />
                    <condition number="58" type="jump" coverage="100%" />
                    <condition number="67" type="jump" coverage="50%" />
                  </conditions>
                </line>
                <line number="59" hits="159" branch="False" />
                <line number="60" hits="159" branch="False" />
                <line number="62" hits="137" branch="True" condition-coverage="100% (4/4)">
                  <conditions>
                    <condition number="211" type="jump" coverage="100%" />
                    <condition number="214" type="jump" coverage="100%" />
                  </conditions>
                </line>
                <line number="63" hits="141" branch="False" />
              </lines>
            </method>
          </methods>
          <lines>
            <line number="18" hits="67" branch="False" />
            <line number="19" hits="67" branch="False" />
            <line number="22" hits="67" branch="False" />
            <line number="23" hits="67" branch="False" />
            <line number="25" hits="67" branch="False" />
            <line number="27" hits="67" branch="False" />
            <line number="29" hits="60" branch="False" />
            <line number="30" hits="60" branch="False" />
            <line number="33" hits="67" branch="False" />
            <line number="34" hits="67" branch="False" />
            <line number="65" hits="335" branch="True" condition-coverage="100% (2/2)">
              <conditions>
                <condition number="337" type="jump" coverage="100%" />
              </conditions>
            </line>
            <line number="66" hits="67" branch="False" />
            <line number="67" hits="67" branch="False" />
            <line number="68" hits="67" branch="False" />
            <line number="69" hits="67" branch="False" />
[...]
              <conditions>
                <condition number="96" type="jump" coverage="0%" />
              </conditions>
            </line>
            <line number="233" hits="0" branch="False" />
            <line number="234" hits="0" branch="False" />
            <line number="235" hits="0" branch="False" />
            <line number="236" hits="0" branch="False" />
            <line number="238" hits="0" branch="False" />
            <line number="240" hits="94" branch="False" />
            <line number="241" hits="94" branch="False" />
            <line number="244" hits="67" branch="False" />
            <line number="245" hits="67" branch="False" />
            <line number="247" hits="389" branch="True" condition-coverage="100% (2/2)">
              <conditions>
                <condition number="279" type="jump" coverage="100%" />
              </conditions>
            </line>
            <line number="248" hits="94" branch="False" />
            <line number="250" hits="94" branch="True" condition-coverage="75% (3/4)">
              <conditions>
                <condition number="35" type="jump" coverage="50%" />
                <condition number="58" type="jump" coverage="100%" />
              </conditions>
            </line>
            <line number="251" hits="94" branch="False" />
            <line number="252" hits="94" branch="False" />
            <line number="253" hits="94" branch="False" />
            <line number="256" hits="94" branch="False" />
            <line number="257" hits="118" branch="True" condition-coverage="50% (1/2)">
              <conditions>
                <condition number="7" type="jump" coverage="50%" />
              </conditions>
            </line>
            <line number="259" hits="94" branch="True" condition-coverage="100% (2/2)">
              <conditions>
                <condition number="131" type="jump" coverage="100%" />
              </conditions>
            </line>
            <line number="260" hits="4" branch="False" />
            <line number="261" hits="4" branch="False" />
            <line number="263" hits="24" branch="True" condition-coverage="100% (2/2)">
              <conditions>
                <condition number="269" type="jump" coverage="100%" />
              </conditions>
            </line>
            <line number="264" hits="6" branch="False" />
            <line number="265" hits="6" branch="False" />
            <line number="266" hits="6" branch="True" condition-coverage="66.66% (4/6)">
              <conditions>
                <condition number="202" type="jump" coverage="50%" />
                <condition number="212" type="jump" coverage="50%" />
                <condition number="238" type="jump" coverage="100%" />
              </conditions>
            </line>
            <line number="267" hits="6" branch="False" />
            <line number="268" hits="6" branch="False" />
            <line number="269" hits="6" branch="False" />
            <line number="270" hits="6" branch="False" />
            <line number="271" hits="4" branch="False" />
            <line number="272" hits="94" branch="False" />
            <line number="274" hits="67" branch="False" />
            <line number="275" hits="67" branch="False" />
            <line number="37" hits="309" branch="False" />
            <line number="38" hits="309" branch="False" />
            <line number="39" hits="309" branch="False" />
            <line number="40" hits="309" branch="False" />
            <line number="43" hits="141" branch="False" />
            <line number="44" hits="143" branch="True" condition-coverage="100% (2/2)">
              <conditions>
                <condition number="29" type="jump" coverage="100%" />
              </conditions>
            </line>
            <line number="46" hits="139" branch="False" />
            <line number="47" hits="165" branch="True" condition-coverage="50% (1/2)">
              <conditions>
                <condition number="7" type="jump" coverage="50%" />
              </conditions>
            </line>
            <line number="48" hits="141" branch="True" condition-coverage="100% (2/2)">
              <conditions>
                <condition number="92" type="jump" coverage="100%" />
              </conditions>
            </line>
            <line number="50" hits="137" branch="False" />
            <line number="51" hits="428" branch="False" />
            <line number="54" hits="137" branch="False" />
            <line number="55" hits="155" branch="False" />
            <line number="57" hits="137" branch="False" />
            <line number="58" hits="159" branch="True" condition-coverage="70% (7/10)">
              <conditions>
                <condition number="7" type="jump" coverage="50%" />
                <condition number="28" type="jump" coverage="100%" />
                <condition number="37" type="jump" coverage="50%" />
                <condition number="58" type="jump" coverage="100%" />
                <condition number="67" type="jump" coverage="50%" />
              </conditions>
            </line>
            <line number="59" hits="159" branch="False" />
            <line number="60" hits="159" branch="False" />
            <line number="62" hits="137" branch="True" condition-coverage="100% (4/4)">
              <conditions>
                <condition number="211" type="jump" coverage="100%" />
                <condition number="214" type="jump" coverage="100%" />
              </conditions>
            </line>
            <line number="63" hits="141" branch="False" />
          </lines>
        </class>
        <class name="Tools.ContainerRegistration.Common.ServiceRegistrationGenerator/&lt;&gt;c__DisplayClass10_0" filename="Tools.ContainerRegistration.Common/ServiceRegistrationGenerator.cs" line-rate="0.6" branch-rate="0.5" complexity="2">
          <methods>
            <method name="&lt;GenerateForServiceRegistration&gt;g__SymbolBelongsToAllowedAssemblies|3" signature="(Microsoft.CodeAnalysis.INamedTypeSymbol)" line-rate="0.6" branch-rate="0.5" complexity="2">
              <lines>
                <line number="207" hits="28" branch="False" />
                <line number="208" hits="56" branch="True" condition-coverage="50% (1/2)">
                  <conditions>
                    <condition number="22" type="jump" coverage="50%" />
                  </conditions>
                </line>
                <line number="209" hits="0" branch="False" />
                <line number="210" hits="0" branch="False" />
                <line number="211" hits="28" branch="False" />
              </lines>
            </method>
          </methods>
          <lines>
            <line number="207" hits="28" branch="False" />
            <line number="208" hits="56" branch="True" condition-coverage="50% (1/2)">
              <conditions>
                <condition number="22" type="jump" coverage="50%" />
              </conditions>
            </line>
            <line number="209" hits="0" branch="False" />
            <line number="210" hits="0" branch="False" />
            <line number="211" hits="28" branch="False" />
          </lines>
        </class>
        <class name="Tools.ContainerRegistration.Common.Models.FactoryRegistrationEntity" filename="Tools.ContainerRegistration.Common/Models/FactoryRegistrationEntity.cs" line-rate="0" branch-rate="1" complexity="2">
          <methods>
            <method name="get_FactoryMethodName" signature="()" line-rate="0" branch-rate="1" complexity="1">
              <lines>
                <line number="10" hits="0" branch="False" />
              </lines>
            </method>
            <method name=".ctor" signature="(System.String)" line-rate="0" branch-rate="1" complexity="1">
              <lines>
                <line number="5" hits="0" branch="False" />
                <line number="6" hits="0" branch="False" />
                <line number="7" hits="0" branch="False" />
                <line number="8" hits="0" branch="False" />
              </lines>
            </method>
          </methods>
          <lines>
            <line number="10" hits="0" branch="False" />
            <line number="5" hits="0" branch="False" />
            <line number="6" hits="0" branch="False" />
            <line number="7" hits="0" branch="False" />
            <line number="8" hits="0" branch="False" />
          </lines>
        </class>
        <class name="Tools.ContainerRegistration.Common.Models.GeneratedServiceRegistrationEntity" filename="Tools.ContainerRegistration.Common/Models/GeneratedServiceRegistrationEntity.cs" line-rate="1" branch-rate="1" complexity="1">
          <methods>
            <method name="get_Entity" signature="()" line-rate="1" branch-rate="1" complexity="1">
              <lines>
                <line number="5" hits="156" branch="False" />
              </lines>
            </method>
          </methods>
          <lines>
            <line number="5" hits="156" branch="False" />
          </lines>
        </class>
        <class name="Tools.ContainerRegistration.Common.Models.IocConfig" filename="Tools.ContainerRegistration.Common/Models/IocConfig.cs" line-rate="1" branch-rate="1" complexity="6">
          <methods>
            <method name="get_ExcludedFromRegisteringMatching" signature="()" line-rate="1" branch-rate="1" complexity="1">
              <lines>
                <line number="5" hits="64" branch="False" />
              </lines>
            </method>
            <method name="get_RegisterTypesMatching" signature="()" line-rate="1" branch-rate="1" complexity="1">
              <lines>
                <line number="6" hits="110" branch="False" />
              </lines>
            </method>
            <method name="get_RegisterInterfacesOnlyFromThatAssemblies" signature="()" line-rate="1" branch-rate="1" complexity="1">
              <lines>
                <line number="7" hits="60" branch="False" />
              </lines>
            </method>
            <method name="get_RegisterAsSelf" signature="()" line-rate="1" branch-rate="1" complexity="1">
              <lines>
                <line number="8" hits="75" branch="False" />
              </lines>
            </method>
            <method name="get_RegisterAsAllInheritedTypes" signature="()" line-rate="1" branch-rate="1" complexity="1">
              <lines>
                <line number="9" hits="75" branch="False" />
              </lines>
            </method>
            <method name="get_RegisterAsDirectlyInheritedTypes" signature="()" line-rate="1" branch-rate="1" complexity="1">
              <lines>
                <line number="10" hits="63" branch="False" />
              </lines>
            </method>
          </methods>
          <lines>
            <line number="5" hits="64" branch="False" />
            <line number="6" hits="110" branch="False" />
            <line number="7" hits="60" branch="False" />
            <line number="8" hits="75" branch="False" />
            <line number="9" hits="75" branch="False" />
            <line number="10" hits="63" branch="False" />
          </lines>
        </class>
        <class name="Tools.ContainerRegistration.Common.Models.ServiceRegistration" filename="Tools.ContainerRegistration.Common/Models/ServiceRegistration.cs" line-rate="1" branch-rate="1" complexity="6">
          <methods>
            <method name="get_ContainerName" signature="()" line-rate="1" branch-rate="1" complexity="1">
              <lines>
                <line number="9" hits="127" branch="False" />
              </lines>
            </method>
            <method name="get_ContainerType" signature="()" line-rate="1" branch-rate="1" complexity="1">
              <lines>
                <line number="10" hits="127" branch="False" />
              </lines>
            </method>
            <method name="get_ProviderType" signature="()" line-rate="1" branch-rate="1" complexity="1">
              <lines>
                <line number="11" hits="102" branch="False" />
              </lines>
            </method>
            <method name="get_Namespace" signature="()" line-rate="1" branch-rate="1" complexity="1">
              <lines>
                <line number="12" hits="127" branch="False" />
              </lines>
            </method>
            <method name="get_Usings" signature="()" line-rate="1" branch-rate="1" complexity="1">
              <lines>
                <line number="13" hits="268" branch="False" />
              </lines>
            </method>
            <method name="get_Entities" signature="()" line-rate="1" branch-rate="1" complexity="1">
              <lines>
                <line number="14" hits="212" branch="False" />
              </lines>
            </method>
          </methods>
          <lines>
            <line number="9" hits="127" branch="False" />
            <line number="10" hits="127" branch="False" />
            <line number="11" hits="102" branch="False" />
            <line number="12" hits="127" branch="False" />
            <line number="13" hits="268" branch="False" />
            <line number="14" hits="212" branch="False" />
          </lines>
        </class>
        <class name="Tools.ContainerRegistration.Common.Models.ServiceRegistrationEntity" filename="Tools.ContainerRegistration.Common/Models/ServiceRegistrationEntity.cs" line-rate="1" branch-rate="1" complexity="7">
          <methods>
            <method name="get_RegisterAsInterfaces" signature="()" line-rate="1" branch-rate="1" complexity="1">
              <lines>
                <line number="13" hits="252" branch="False" />
              </lines>
            </method>
            <method name="get_NamedTypeSymbol" signature="()" line-rate="1" branch-rate="1" complexity="1">
              <lines>
                <line number="14" hits="126" branch="False" />
              </lines>
            </method>
            <method name="get_Scope" signature="()" line-rate="1" branch-rate="1" complexity="1">
              <lines>
                <line number="15" hits="199" branch="False" />
              </lines>
            </method>
            <method name="get_RegisterAsSelf" signature="()" line-rate="1" branch-rate="1" complexity="1">
              <lines>
                <line number="16" hits="152" branch="False" />
              </lines>
            </method>
            <method name="get_AutoActivate" signature="()" line-rate="1" branch-rate="1" complexity="1">
              <lines>
                <line number="17" hits="54" branch="False" />
              </lines>
            </method>
            <method name="get_FactoryRegistration" signature="()" line-rate="1" branch-rate="1" complexity="1">
              <lines>
                <line number="18" hits="172" branch="False" />
              </lines>
            </method>
            <method name=".ctor" signature="(Microsoft.CodeAnalysis.INamedTypeSymbol)" line-rate="1" branch-rate="1" complexity="1">
              <lines>
                <line number="8" hits="94" branch="False" />
                <line number="9" hits="94" branch="False" />
                <line number="10" hits="94" branch="False" />
                <line number="11" hits="94" branch="False" />
              </lines>
            </method>
          </methods>
          <lines>
            <line number="13" hits="252" branch="False" />
            <line number="14" hits="126" branch="False" />
            <line number="15" hits="199" branch="False" />
            <line number="16" hits="152" branch="False" />
            <line number="17" hits="54" branch="False" />
            <line number="18" hits="172" branch="False" />
            <line number="8" hits="94" branch="False" />
            <line number="9" hits="94" branch="False" />
            <line number="10" hits="94" branch="False" />
            <line number="11" hits="94" branch="False" />
          </lines>
        </class>
      </classes>
    </package>
    <package name="Tools.ContainerRegistration.Attributes" line-rate="0" branch-rate="1" complexity="6">
      <classes>
        <class name="Tools.ContainerRegistration.Attributes.FactoryRegistrationAttribute" filename="Tools.ContainerRegistration.Attributes/FactoryRegistrationAttribute.cs" line-rate="0" branch-rate="1" complexity="2">
          <methods>
            <method name="get_FactoryFullPath" signature="()" line-rate="0" branch-rate="1" complexity="1">
              <lines>
                <line number="11" hits="0" branch="False" />
              </lines>
            </method>
            <method name=".ctor" signature="(System.String)" line-rate="0" branch-rate="1" complexity="1">
              <lines>
                <line number="6" hits="0" branch="False" />
                <line number="7" hits="0" branch="False" />
                <line number="8" hits="0" branch="False" />
                <line number="9" hits="0" branch="False" />
              </lines>
            </method>
          </methods>
          <lines>
            <line number="11" hits="0" branch="False" />
            <line number="6" hits="0" branch="False" />
            <line number="7" hits="0" branch="False" />
            <line number="8" hits="0" branch="False" />
            <line number="9" hits="0" branch="False" />
          </lines>
        </class>
        <class name="Tools.ContainerRegistration.Attributes.ServiceRegistrationAttribute" filename="Tools.ContainerRegistration.Attributes/ServiceRegistrationAttribute.cs" line-rate="0" branch-rate="1" complexity="2">
          <methods>
            <method name="get_RegisterAs" signature="()" line-rate="0" branch-rate="1" complexity="1">
              <lines>
                <line number="10" hits="0" branch="False" />
              </lines>
            </method>
            <method name=".ctor" signature="(System.Type[])" line-rate="0" branch-rate="1" complexity="1">
              <lines>
                <line number="5" hits="0" branch="False" />
                <line number="6" hits="0" branch="False" />
                <line number="7" hits="0" branch="False" />
                <line number="8" hits="0" branch="False" />
              </lines>
            </method>
          </methods>
          <lines>
            <line number="10" hits="0" branch="False" />
            <line number="5" hits="0" branch="False" />
            <line number="6" hits="0" branch="False" />
            <line number="7" hits="0" branch="False" />
            <line number="8" hits="0" branch="False" />
          </lines>
        </class>
        <class name="Tools.ContainerRegistration.Attributes.SingletonAttribute" filename="Tools.ContainerRegistration.Attributes/SingletonAttribute.cs" line-rate="0" branch-rate="1" complexity="2">
          <methods>
            <method name="get_AutoActivate" signature="()" line-rate="0" branch-rate="1" complexity="1">
              <lines>
                <line number="13" hits="0" branch="False" />
              </lines>
            </method>
            <method name=".ctor" signature="(System.Boolean)" line-rate="0" branch-rate="1" complexity="1">
              <lines>
                <line number="8" hits="0" branch="False" />
                <line number="9" hits="0" branch="False" />
                <line number="10" hits="0" branch="False" />
                <line number="11" hits="0" branch="False" />
              </lines>
            </method>
          </methods>
          <lines>
            <line number="13" hits="0" branch="False" />
            <line number="8" hits="0" branch="False" />
            <line number="9" hits="0" branch="False" />
            <line number="10" hits="0" branch="False" />
            <line number="11" hits="0" branch="False" />
          </lines>
        </class>
      </classes>
    </package>
  </packages>
</coverage>